<?xml version="1.0" encoding="UTF-8" ?>
<testsuites>
  <testsuite errors="0" failures="0" hostname="Z115" id="0" name="TweetViewControlTest" package="test.hk.ust.cse.TwitterClient.Controls" tests="1" time="0.299" timestamp="2013-02-28T01:45:52">
      <properties>
[...]
</properties>

      <testcase classname="test.hk.ust.cse.TwitterClient.Controls.TweetViewControlTest" name="test" time="0.165" />

      <system-out><![CDATA[]]></system-out>

      <system-err><![CDATA[]]></system-err>

  </testsuite>
  <testsuite errors="0" failures="0" hostname="Z115" id="1" name="UserPageControlTest" package="test.hk.ust.cse.TwitterClient.Controls" tests="1" time="0.3" timestamp="2013-02-28T01:45:55">
      <properties>
[...]
</properties>

      <testcase classname="test.hk.ust.cse.TwitterClient.Controls.UserPageControlTest" name="test" time="0.162" />

      <system-out><![CDATA[]]></system-out>

      <system-err><![CDATA[]]></system-err>

  </testsuite>
  <testsuite errors="0" failures="0" hostname="Z115" id="2" name="UtilsTest" package="test.hk.ust.cse.TwitterClient" tests="4" time="1.245" timestamp="2013-02-28T01:45:58">
      <properties>
[...]
</properties>

      <testcase classname="test.hk.ust.cse.TwitterClient.UtilsTest" name="testSelect" time="0.336" />

      <testcase classname="test.hk.ust.cse.TwitterClient.UtilsTest" name="testCutRoundCorner" time="0.247" />

      <testcase classname="test.hk.ust.cse.TwitterClient.UtilsTest" name="testGetColorFromString" time="0.022" />

      <testcase classname="test.hk.ust.cse.TwitterClient.UtilsTest" name="testLoadImageFromUrlAndScale" time="0.491" />

      <system-out><![CDATA[]]></system-out>

      <system-err><![CDATA[]]></system-err>

  </testsuite>
  <testsuite errors="0" failures="0" hostname="Z115" id="3" name="ControlBarTest" package="test.hk.ust.cse.TwitterClient.Views" tests="1" time="0.831" timestamp="2013-02-28T01:46:02">
      <properties>
[...]
</properties>

      <testcase classname="test.hk.ust.cse.TwitterClient.Views.ControlBarTest" name="testConstructor" time="0.697" />

      <system-out><![CDATA[]]></system-out>

      <system-err><![CDATA[]]></system-err>

  </testsuite>
  <testsuite errors="0" failures="0" hostname="Z115" id="4" name="MiniProfileTest" package="test.hk.ust.cse.TwitterClient.Views.Home" tests="1" time="0.823" timestamp="2013-02-28T01:46:05">
      <properties>
[...]
</properties>

      <testcase classname="test.hk.ust.cse.TwitterClient.Views.Home.MiniProfileTest" name="test" time="0.69" />

      <system-out><![CDATA[]]></system-out>

      <system-err><![CDATA[]]></system-err>

  </testsuite>
  <testsuite errors="0" failures="0" hostname="Z115" id="5" name="ListViewTest" package="test.hk.ust.cse.TwitterClient.Views" tests="1" time="0.778" timestamp="2013-02-28T01:46:09">
      <properties>
[...]
</properties>

      <testcase classname="test.hk.ust.cse.TwitterClient.Views.ListViewTest" name="testConstructor" time="0.642" />

      <system-out><![CDATA[]]></system-out>

      <system-err><![CDATA[]]></system-err>

  </testsuite>
  <testsuite errors="0" failures="0" hostname="Z115" id="6" name="NumberBarTest" package="test.hk.ust.cse.TwitterClient.Views" tests="1" time="0.8" timestamp="2013-02-28T01:46:12">
      <properties>
[...]
</properties>

      <testcase classname="test.hk.ust.cse.TwitterClient.Views.NumberBarTest" name="testConstructor" time="0.669" />

      <system-out><![CDATA[]]></system-out>

      <system-err><![CDATA[]]></system-err>

  </testsuite>
  <testsuite errors="0" failures="0" hostname="Z115" id="7" name="TweetListTest" package="test.hk.ust.cse.TwitterClient.Views" tests="1" time="0.869" timestamp="2013-02-28T01:46:15">
      <properties>
[...]
</properties>

      <testcase classname="test.hk.ust.cse.TwitterClient.Views.TweetListTest" name="test" time="0.735" />

      <system-out><![CDATA[]]></system-out>

      <system-err><![CDATA[]]></system-err>

  </testsuite>
  <testsuite errors="0" failures="0" hostname="Z115" id="8" name="FriendViewTest" package="test.hk.ust.cse.TwitterClient.Views.User" tests="1" time="0.829" timestamp="2013-02-28T01:46:19">
      <properties>
[...]
</properties>

      <testcase classname="test.hk.ust.cse.TwitterClient.Views.User.FriendViewTest" name="testConstructor" time="0.694" />

      <system-out><![CDATA[]]></system-out>

      <system-err><![CDATA[]]></system-err>

  </testsuite>
  <testsuite errors="0" failures="0" hostname="Z115" id="9" name="ProfileViewTest" package="test.hk.ust.cse.TwitterClient.Views.User" tests="1" time="1.981" timestamp="2013-02-28T01:46:22">
      <properties>
[...]
</properties>

      <testcase classname="test.hk.ust.cse.TwitterClient.Views.User.ProfileViewTest" name="test" time="1.844" />

      <system-out><![CDATA[]]></system-out>

      <system-err><![CDATA[]]></system-err>

  </testsuite>
  <testsuite errors="0" failures="0" hostname="Z115" id="10" name="UserMenuItemTest" package="test.hk.ust.cse.TwitterClient.Views.User" tests="1" time="0.777" timestamp="2013-02-28T01:46:27">
      <properties>
[...]
</properties>

      <testcase classname="test.hk.ust.cse.TwitterClient.Views.User.UserMenuItemTest" name="test" time="0.646" />

      <system-out><![CDATA[]]></system-out>

      <system-err><![CDATA[]]></system-err>

  </testsuite>
  <testsuite errors="0" failures="0" hostname="Z115" id="11" name="UserMenuTest" package="test.hk.ust.cse.TwitterClient.Views.User" tests="1" time="0.866" timestamp="2013-02-28T01:46:30">
      <properties>
[...]
</properties>

      <testcase classname="test.hk.ust.cse.TwitterClient.Views.User.UserMenuTest" name="test" time="0.731" />

      <system-out><![CDATA[]]></system-out>

      <system-err><![CDATA[]]></system-err>

  </testsuite>
</testsuites>
