<?xml version="1.0"?>
<!DOCTYPE coverage SYSTEM "http://cobertura.sourceforge.net/xml/coverage-04.dtd">

<coverage line-rate="0.4292821606254442" branch-rate="0.28135593220338984" lines-covered="604" lines-valid="1407" branches-covered="83" branches-valid="295" complexity="1.6796536796536796" version="1.9.3" timestamp="1362016000603">
	<sources>
		<source>c:/Users/VAIO/workspace/TwitterClient/src</source>
	</sources>
	<packages>
		<package name="hk.ust.cse.TwitterClient" line-rate="0.3924731182795699" branch-rate="0.5517241379310345" complexity="2.814814814814815">
			<classes>
				<class name="hk.ust.cse.TwitterClient.TwitterClient" filename="hk/ust/cse/TwitterClient/TwitterClient.java" line-rate="0.0" branch-rate="0.0" complexity="2.3333333333333335">
					<methods>
						<method name="&lt;init&gt;" signature="(II)V" line-rate="0.0" branch-rate="0.0">
							<lines>
								<line number="25" hits="0" branch="false"/>
								<line number="27" hits="0" branch="false"/>
								<line number="28" hits="0" branch="false"/>
								<line number="31" hits="0" branch="false"/>
								<line number="32" hits="0" branch="false"/>
								<line number="33" hits="0" branch="false"/>
								<line number="58" hits="0" branch="false"/>
								<line number="59" hits="0" branch="false"/>
								<line number="60" hits="0" branch="false"/>
								<line number="63" hits="0" branch="false"/>
								<line number="66" hits="0" branch="false"/>
								<line number="69" hits="0" branch="false"/>
								<line number="70" hits="0" branch="false"/>
								<line number="73" hits="0" branch="false"/>
								<line number="74" hits="0" branch="false"/>
								<line number="76" hits="0" branch="false"/>
								<line number="77" hits="0" branch="true" condition-coverage="0% (0/2)">
									<conditions>
										<condition number="0" type="jump" coverage="0%"/>
									</conditions>
								</line>
								<line number="78" hits="0" branch="true" condition-coverage="0% (0/2)">
									<conditions>
										<condition number="0" type="jump" coverage="0%"/>
									</conditions>
								</line>
								<line number="79" hits="0" branch="false"/>
								<line number="82" hits="0" branch="false"/>
								<line number="83" hits="0" branch="false"/>
							</lines>
						</method>
						<method name="checkSWTLibrary" signature="()V" line-rate="0.0" branch-rate="0.0">
							<lines>
								<line number="92" hits="0" branch="false"/>
								<line number="94" hits="0" branch="false"/>
								<line number="95" hits="0" branch="false"/>
								<line number="96" hits="0" branch="false"/>
								<line number="97" hits="0" branch="false"/>
								<line number="98" hits="0" branch="false"/>
								<line number="100" hits="0" branch="true" condition-coverage="0% (0/2)">
									<conditions>
										<condition number="0" type="jump" coverage="0%"/>
									</conditions>
								</line>
								<line number="101" hits="0" branch="false"/>
								<line number="102" hits="0" branch="false"/>
								<line number="103" hits="0" branch="false"/>
								<line number="104" hits="0" branch="true" condition-coverage="0% (0/2)">
									<conditions>
										<condition number="0" type="jump" coverage="0%"/>
									</conditions>
								</line>
								<line number="105" hits="0" branch="false"/>
								<line number="106" hits="0" branch="true" condition-coverage="0% (0/2)">
									<conditions>
										<condition number="0" type="jump" coverage="0%"/>
									</conditions>
								</line>
								<line number="107" hits="0" branch="false"/>
								<line number="110" hits="0" branch="true" condition-coverage="0% (0/2)">
									<conditions>
										<condition number="0" type="jump" coverage="0%"/>
									</conditions>
								</line>
								<line number="111" hits="0" branch="false"/>
								<line number="112" hits="0" branch="true" condition-coverage="0% (0/2)">
									<conditions>
										<condition number="0" type="jump" coverage="0%"/>
									</conditions>
								</line>
								<line number="113" hits="0" branch="false"/>
								<line number="117" hits="0" branch="false"/>
								<line number="118" hits="0" branch="true" condition-coverage="0% (0/2)">
									<conditions>
										<condition number="0" type="jump" coverage="0%"/>
									</conditions>
								</line>
								<line number="119" hits="0" branch="false"/>
								<line number="122" hits="0" branch="false"/>
								<line number="124" hits="0" branch="false"/>
								<line number="126" hits="0" branch="false"/>
								<line number="128" hits="0" branch="false"/>
							</lines>
						</method>
						<method name="checkTwitterOAuth" signature="()V" line-rate="0.0" branch-rate="0.0">
							<lines>
								<line number="131" hits="0" branch="false"/>
								<line number="134" hits="0" branch="false"/>
								<line number="135" hits="0" branch="false"/>
								<line number="136" hits="0" branch="false"/>
								<line number="137" hits="0" branch="false"/>
								<line number="139" hits="0" branch="true" condition-coverage="0% (0/4)">
									<conditions>
										<condition number="0" type="jump" coverage="0%"/>
										<condition number="1" type="jump" coverage="0%"/>
									</conditions>
								</line>
								<line number="140" hits="0" branch="false"/>
								<line number="144" hits="0" branch="false"/>
								<line number="146" hits="0" branch="false"/>
							</lines>
						</method>
						<method name="main" signature="([Ljava/lang/String;)V" line-rate="0.0" branch-rate="1.0">
							<lines>
								<line number="86" hits="0" branch="false"/>
								<line number="87" hits="0" branch="false"/>
								<line number="88" hits="0" branch="false"/>
								<line number="89" hits="0" branch="false"/>
							</lines>
						</method>
					</methods>
					<lines>
						<line number="25" hits="0" branch="false"/>
						<line number="27" hits="0" branch="false"/>
						<line number="28" hits="0" branch="false"/>
						<line number="31" hits="0" branch="false"/>
						<line number="32" hits="0" branch="false"/>
						<line number="33" hits="0" branch="false"/>
						<line number="58" hits="0" branch="false"/>
						<line number="59" hits="0" branch="false"/>
						<line number="60" hits="0" branch="false"/>
						<line number="63" hits="0" branch="false"/>
						<line number="66" hits="0" branch="false"/>
						<line number="69" hits="0" branch="false"/>
						<line number="70" hits="0" branch="false"/>
						<line number="73" hits="0" branch="false"/>
						<line number="74" hits="0" branch="false"/>
						<line number="76" hits="0" branch="false"/>
						<line number="77" hits="0" branch="true" condition-coverage="0% (0/2)">
							<conditions>
								<condition number="0" type="jump" coverage="0%"/>
							</conditions>
						</line>
						<line number="78" hits="0" branch="true" condition-coverage="0% (0/2)">
							<conditions>
								<condition number="0" type="jump" coverage="0%"/>
							</conditions>
						</line>
						<line number="79" hits="0" branch="false"/>
						<line number="82" hits="0" branch="false"/>
						<line number="83" hits="0" branch="false"/>
						<line number="86" hits="0" branch="false"/>
						<line number="87" hits="0" branch="false"/>
						<line number="88" hits="0" branch="false"/>
						<line number="89" hits="0" branch="false"/>
						<line number="92" hits="0" branch="false"/>
						<line number="94" hits="0" branch="false"/>
						<line number="95" hits="0" branch="false"/>
						<line number="96" hits="0" branch="false"/>
						<line number="97" hits="0" branch="false"/>
						<line number="98" hits="0" branch="false"/>
						<line number="100" hits="0" branch="true" condition-coverage="0% (0/2)">
							<conditions>
								<condition number="0" type="jump" coverage="0%"/>
							</conditions>
						</line>
						<line number="101" hits="0" branch="false"/>
						<line number="102" hits="0" branch="false"/>
						<line number="103" hits="0" branch="false"/>
						<line number="104" hits="0" branch="true" condition-coverage="0% (0/2)">
							<conditions>
								<condition number="0" type="jump" coverage="0%"/>
							</conditions>
						</line>
						<line number="105" hits="0" branch="false"/>
						<line number="106" hits="0" branch="true" condition-coverage="0% (0/2)">
							<conditions>
								<condition number="0" type="jump" coverage="0%"/>
							</conditions>
						</line>
						<line number="107" hits="0" branch="false"/>
						<line number="110" hits="0" branch="true" condition-coverage="0% (0/2)">
							<conditions>
								<condition number="0" type="jump" coverage="0%"/>
							</conditions>
						</line>
						<line number="111" hits="0" branch="false"/>
						<line number="112" hits="0" branch="true" condition-coverage="0% (0/2)">
							<conditions>
								<condition number="0" type="jump" coverage="0%"/>
							</conditions>
						</line>
						<line number="113" hits="0" branch="false"/>
						<line number="117" hits="0" branch="false"/>
						<line number="118" hits="0" branch="true" condition-coverage="0% (0/2)">
							<conditions>
								<condition number="0" type="jump" coverage="0%"/>
							</conditions>
						</line>
						<line number="119" hits="0" branch="false"/>
						<line number="122" hits="0" branch="false"/>
						<line number="124" hits="0" branch="false"/>
						<line number="126" hits="0" branch="false"/>
						<line number="128" hits="0" branch="false"/>
						<line number="131" hits="0" branch="false"/>
						<line number="134" hits="0" branch="false"/>
						<line number="135" hits="0" branch="false"/>
						<line number="136" hits="0" branch="false"/>
						<line number="137" hits="0" branch="false"/>
						<line number="139" hits="0" branch="true" condition-coverage="0% (0/4)">
							<conditions>
								<condition number="0" type="jump" coverage="0%"/>
								<condition number="1" type="jump" coverage="0%"/>
							</conditions>
						</line>
						<line number="140" hits="0" branch="false"/>
						<line number="144" hits="0" branch="false"/>
						<line number="146" hits="0" branch="false"/>
					</lines>
				</class>
				<class name="hk.ust.cse.TwitterClient.TwitterClient$1" filename="hk/ust/cse/TwitterClient/TwitterClient.java" line-rate="0.0" branch-rate="1.0" complexity="2.3333333333333335">
					<methods>
						<method name="&lt;init&gt;" signature="(Lhk/ust/cse/TwitterClient/TwitterClient;Lorg/eclipse/swt/widgets/Shell;II)V" line-rate="0.0" branch-rate="1.0">
							<lines>
								<line number="33" hits="0" branch="false"/>
							</lines>
						</method>
						<method name="shellActivated" signature="(Lorg/eclipse/swt/events/ShellEvent;)V" line-rate="0.0" branch-rate="1.0">
							<lines>
								<line number="52" hits="0" branch="false"/>
								<line number="53" hits="0" branch="false"/>
								<line number="54" hits="0" branch="false"/>
							</lines>
						</method>
						<method name="shellClosed" signature="(Lorg/eclipse/swt/events/ShellEvent;)V" line-rate="0.0" branch-rate="1.0">
							<lines>
								<line number="48" hits="0" branch="false"/>
							</lines>
						</method>
						<method name="shellDeactivated" signature="(Lorg/eclipse/swt/events/ShellEvent;)V" line-rate="0.0" branch-rate="1.0">
							<lines>
								<line number="44" hits="0" branch="false"/>
							</lines>
						</method>
						<method name="shellDeiconified" signature="(Lorg/eclipse/swt/events/ShellEvent;)V" line-rate="0.0" branch-rate="1.0">
							<lines>
								<line number="40" hits="0" branch="false"/>
							</lines>
						</method>
						<method name="shellIconified" signature="(Lorg/eclipse/swt/events/ShellEvent;)V" line-rate="0.0" branch-rate="1.0">
							<lines>
								<line number="36" hits="0" branch="false"/>
							</lines>
						</method>
					</methods>
					<lines>
						<line number="33" hits="0" branch="false"/>
						<line number="36" hits="0" branch="false"/>
						<line number="40" hits="0" branch="false"/>
						<line number="44" hits="0" branch="false"/>
						<line number="48" hits="0" branch="false"/>
						<line number="52" hits="0" branch="false"/>
						<line number="53" hits="0" branch="false"/>
						<line number="54" hits="0" branch="false"/>
					</lines>
				</class>
				<class name="hk.ust.cse.TwitterClient.Utils" filename="hk/ust/cse/TwitterClient/Utils.java" line-rate="0.6761904761904762" branch-rate="0.7384615384615385" complexity="3.0555555555555554">
					<methods>
						<method name="&lt;init&gt;" signature="()V" line-rate="0.0" branch-rate="1.0">
							<lines>
								<line number="26" hits="0" branch="false"/>
							</lines>
						</method>
						<method name="addClickListener" signature="(Lorg/eclipse/swt/widgets/Control;Ljava/lang/String;Ljava/lang/Object;)V" line-rate="1.0" branch-rate="0.8333333333333334">
							<lines>
								<line number="200" hits="21" branch="false"/>
								<line number="218" hits="21" branch="true" condition-coverage="100% (2/2)">
									<conditions>
										<condition number="0" type="jump" coverage="100%"/>
									</conditions>
								</line>
								<line number="219" hits="25" branch="true" condition-coverage="100% (2/2)">
									<conditions>
										<condition number="0" type="jump" coverage="100%"/>
									</conditions>
								</line>
								<line number="220" hits="13" branch="true" condition-coverage="50% (1/2)">
									<conditions>
										<condition number="0" type="jump" coverage="50%"/>
									</conditions>
								</line>
								<line number="221" hits="13" branch="false"/>
								<line number="225" hits="21" branch="false"/>
							</lines>
						</method>
						<method name="addEnterListener" signature="(Lorg/eclipse/swt/widgets/Text;Ljava/lang/String;Ljava/lang/Object;)V" line-rate="1.0" branch-rate="1.0">
							<lines>
								<line number="228" hits="1" branch="false"/>
								<line number="243" hits="1" branch="false"/>
							</lines>
						</method>
						<method name="computeSubtractRegion" signature="(ILorg/eclipse/swt/graphics/Rectangle;)Lorg/eclipse/swt/graphics/Region;" line-rate="1.0" branch-rate="1.0">
							<lines>
								<line number="125" hits="12" branch="false"/>
								<line number="126" hits="12" branch="false"/>
								<line number="127" hits="12" branch="false"/>
								<line number="128" hits="12" branch="true" condition-coverage="100% (4/4)">
									<conditions>
										<condition number="0" type="jump" coverage="100%"/>
										<condition number="1" type="jump" coverage="100%"/>
									</conditions>
								</line>
								<line number="129" hits="12" branch="false"/>
								<line number="131" hits="12" branch="false"/>
								<line number="132" hits="172" branch="true" condition-coverage="100% (2/2)">
									<conditions>
										<condition number="0" type="jump" coverage="100%"/>
									</conditions>
								</line>
								<line number="133" hits="2560" branch="true" condition-coverage="100% (2/2)">
									<conditions>
										<condition number="0" type="jump" coverage="100%"/>
									</conditions>
								</line>
								<line number="134" hits="2400" branch="true" condition-coverage="100% (2/2)">
									<conditions>
										<condition number="0" type="jump" coverage="100%"/>
									</conditions>
								</line>
								<line number="135" hits="204" branch="true" condition-coverage="100% (5/5)">
									<conditions>
										<condition number="0" type="switch" coverage="100%"/>
									</conditions>
								</line>
								<line number="137" hits="51" branch="false"/>
								<line number="138" hits="51" branch="false"/>
								<line number="140" hits="51" branch="false"/>
								<line number="141" hits="51" branch="false"/>
								<line number="143" hits="51" branch="false"/>
								<line number="144" hits="51" branch="false"/>
								<line number="146" hits="51" branch="false"/>
								<line number="152" hits="12" branch="false"/>
							</lines>
						</method>
						<method name="cutRoundCorner" signature="(Lorg/eclipse/swt/widgets/Control;ZZZZ)V" line-rate="1.0" branch-rate="1.0">
							<lines>
								<line number="102" hits="4" branch="false"/>
								<line number="103" hits="4" branch="false"/>
								<line number="105" hits="4" branch="true" condition-coverage="100% (2/2)">
									<conditions>
										<condition number="0" type="jump" coverage="100%"/>
									</conditions>
								</line>
								<line number="106" hits="3" branch="false"/>
								<line number="107" hits="3" branch="false"/>
								<line number="109" hits="4" branch="true" condition-coverage="100% (2/2)">
									<conditions>
										<condition number="0" type="jump" coverage="100%"/>
									</conditions>
								</line>
								<line number="110" hits="3" branch="false"/>
								<line number="111" hits="3" branch="false"/>
								<line number="113" hits="4" branch="true" condition-coverage="100% (2/2)">
									<conditions>
										<condition number="0" type="jump" coverage="100%"/>
									</conditions>
								</line>
								<line number="114" hits="3" branch="false"/>
								<line number="115" hits="3" branch="false"/>
								<line number="117" hits="4" branch="true" condition-coverage="100% (2/2)">
									<conditions>
										<condition number="0" type="jump" coverage="100%"/>
									</conditions>
								</line>
								<line number="118" hits="3" branch="false"/>
								<line number="119" hits="3" branch="false"/>
								<line number="121" hits="4" branch="false"/>
								<line number="122" hits="4" branch="false"/>
							</lines>
						</method>
						<method name="darkGradually" signature="(Lorg/eclipse/swt/graphics/Image;I)Lorg/eclipse/swt/graphics/Image;" line-rate="0.0" branch-rate="0.0">
							<lines>
								<line number="156" hits="0" branch="false"/>
								<line number="158" hits="0" branch="false"/>
								<line number="159" hits="0" branch="true" condition-coverage="0% (0/2)">
									<conditions>
										<condition number="0" type="jump" coverage="0%"/>
									</conditions>
								</line>
								<line number="160" hits="0" branch="false"/>
								<line number="161" hits="0" branch="false"/>
								<line number="162" hits="0" branch="false"/>
								<line number="163" hits="0" branch="true" condition-coverage="0% (0/2)">
									<conditions>
										<condition number="0" type="jump" coverage="0%"/>
									</conditions>
								</line>
								<line number="164" hits="0" branch="false"/>
								<line number="165" hits="0" branch="false"/>
								<line number="167" hits="0" branch="false"/>
								<line number="168" hits="0" branch="false"/>
								<line number="169" hits="0" branch="false"/>
								<line number="170" hits="0" branch="false"/>
								<line number="171" hits="0" branch="false"/>
								<line number="173" hits="0" branch="true" condition-coverage="0% (0/2)">
									<conditions>
										<condition number="0" type="jump" coverage="0%"/>
									</conditions>
								</line>
								<line number="174" hits="0" branch="true" condition-coverage="0% (0/2)">
									<conditions>
										<condition number="0" type="jump" coverage="0%"/>
									</conditions>
								</line>
								<line number="175" hits="0" branch="false"/>
								<line number="177" hits="0" branch="false"/>
								<line number="181" hits="0" branch="false"/>
								<line number="182" hits="0" branch="true" condition-coverage="0% (0/2)">
									<conditions>
										<condition number="0" type="jump" coverage="0%"/>
									</conditions>
								</line>
								<line number="183" hits="0" branch="false"/>
								<line number="184" hits="0" branch="false"/>
								<line number="185" hits="0" branch="false"/>
								<line number="186" hits="0" branch="false"/>
								<line number="189" hits="0" branch="false"/>
								<line number="191" hits="0" branch="false"/>
								<line number="192" hits="0" branch="false"/>
								<line number="194" hits="0" branch="false"/>
								<line number="196" hits="0" branch="false"/>
							</lines>
						</method>
						<method name="dispose" signature="(Lorg/eclipse/swt/graphics/Resource;)V" line-rate="1.0" branch-rate="1.0">
							<lines>
								<line number="88" hits="5" branch="true" condition-coverage="100% (2/2)">
									<conditions>
										<condition number="0" type="jump" coverage="100%"/>
									</conditions>
								</line>
								<line number="89" hits="2" branch="false"/>
								<line number="91" hits="5" branch="false"/>
							</lines>
						</method>
						<method name="dispose" signature="(Lorg/eclipse/swt/widgets/Widget;)V" line-rate="0.0" branch-rate="0.0">
							<lines>
								<line number="94" hits="0" branch="true" condition-coverage="0% (0/2)">
									<conditions>
										<condition number="0" type="jump" coverage="0%"/>
									</conditions>
								</line>
								<line number="95" hits="0" branch="false"/>
								<line number="97" hits="0" branch="false"/>
							</lines>
						</method>
						<method name="getColorFromString" signature="(Ljava/lang/String;)Lorg/eclipse/swt/graphics/Color;" line-rate="1.0" branch-rate="1.0">
							<lines>
								<line number="77" hits="1" branch="false"/>
							</lines>
						</method>
						<method name="isNullOrEmpty" signature="(Ljava/lang/String;)Z" line-rate="0.0" branch-rate="0.0">
							<lines>
								<line number="84" hits="0" branch="true" condition-coverage="0% (0/4)">
									<conditions>
										<condition number="0" type="jump" coverage="0%"/>
										<condition number="1" type="jump" coverage="0%"/>
									</conditions>
								</line>
							</lines>
						</method>
						<method name="loadImageFromLocal" signature="(Ljava/lang/Class;Ljava/lang/String;)Lorg/eclipse/swt/graphics/Image;" line-rate="1.0" branch-rate="1.0">
							<lines>
								<line number="38" hits="99" branch="false"/>
								<line number="39" hits="99" branch="false"/>
								<line number="40" hits="99" branch="false"/>
							</lines>
						</method>
						<method name="loadImageFromUrl" signature="(Ljava/lang/String;)Lorg/eclipse/swt/graphics/Image;" line-rate="1.0" branch-rate="1.0">
							<lines>
								<line number="29" hits="6" branch="false"/>
								<line number="31" hits="6" branch="false"/>
								<line number="32" hits="5" branch="false"/>
								<line number="33" hits="5" branch="false"/>
								<line number="34" hits="6" branch="false"/>
							</lines>
						</method>
						<method name="loadImageFromUrlAndScale" signature="(Ljava/lang/String;II)Lorg/eclipse/swt/graphics/Image;" line-rate="1.0" branch-rate="1.0">
							<lines>
								<line number="44" hits="6" branch="false"/>
								<line number="45" hits="6" branch="false"/>
								<line number="46" hits="6" branch="true" condition-coverage="100% (2/2)">
									<conditions>
										<condition number="0" type="jump" coverage="100%"/>
									</conditions>
								</line>
								<line number="47" hits="5" branch="true" condition-coverage="100% (4/4)">
									<conditions>
										<condition number="0" type="jump" coverage="100%"/>
										<condition number="1" type="jump" coverage="100%"/>
									</conditions>
								</line>
								<line number="49" hits="1" branch="false"/>
								<line number="52" hits="4" branch="false"/>
								<line number="53" hits="4" branch="false"/>
								<line number="56" hits="6" branch="false"/>
							</lines>
						</method>
						<method name="selectImageVersion" signature="(Ljava/lang/String;II)Ljava/lang/String;" line-rate="1.0" branch-rate="1.0">
							<lines>
								<line number="60" hits="10" branch="true" condition-coverage="100% (4/4)">
									<conditions>
										<condition number="0" type="jump" coverage="100%"/>
										<condition number="1" type="jump" coverage="100%"/>
									</conditions>
								</line>
								<line number="61" hits="9" branch="false"/>
								<line number="62" hits="9" branch="true" condition-coverage="100% (4/4)">
									<conditions>
										<condition number="0" type="jump" coverage="100%"/>
										<condition number="1" type="jump" coverage="100%"/>
									</conditions>
								</line>
								<line number="63" hits="2" branch="false"/>
								<line number="65" hits="7" branch="true" condition-coverage="100% (4/4)">
									<conditions>
										<condition number="0" type="jump" coverage="100%"/>
										<condition number="1" type="jump" coverage="100%"/>
									</conditions>
								</line>
								<line number="66" hits="4" branch="false"/>
								<line number="69" hits="3" branch="false"/>
								<line number="71" hits="9" branch="false"/>
								<line number="73" hits="10" branch="false"/>
							</lines>
						</method>
					</methods>
					<lines>
						<line number="26" hits="0" branch="false"/>
						<line number="29" hits="6" branch="false"/>
						<line number="31" hits="6" branch="false"/>
						<line number="32" hits="5" branch="false"/>
						<line number="33" hits="5" branch="false"/>
						<line number="34" hits="6" branch="false"/>
						<line number="38" hits="99" branch="false"/>
						<line number="39" hits="99" branch="false"/>
						<line number="40" hits="99" branch="false"/>
						<line number="44" hits="6" branch="false"/>
						<line number="45" hits="6" branch="false"/>
						<line number="46" hits="6" branch="true" condition-coverage="100% (2/2)">
							<conditions>
								<condition number="0" type="jump" coverage="100%"/>
							</conditions>
						</line>
						<line number="47" hits="5" branch="true" condition-coverage="100% (4/4)">
							<conditions>
								<condition number="0" type="jump" coverage="100%"/>
								<condition number="1" type="jump" coverage="100%"/>
							</conditions>
						</line>
						<line number="49" hits="1" branch="false"/>
						<line number="52" hits="4" branch="false"/>
						<line number="53" hits="4" branch="false"/>
						<line number="56" hits="6" branch="false"/>
						<line number="60" hits="10" branch="true" condition-coverage="100% (4/4)">
							<conditions>
								<condition number="0" type="jump" coverage="100%"/>
								<condition number="1" type="jump" coverage="100%"/>
							</conditions>
						</line>
						<line number="61" hits="9" branch="false"/>
						<line number="62" hits="9" branch="true" condition-coverage="100% (4/4)">
							<conditions>
								<condition number="0" type="jump" coverage="100%"/>
								<condition number="1" type="jump" coverage="100%"/>
							</conditions>
						</line>
						<line number="63" hits="2" branch="false"/>
						<line number="65" hits="7" branch="true" condition-coverage="100% (4/4)">
							<conditions>
								<condition number="0" type="jump" coverage="100%"/>
								<condition number="1" type="jump" coverage="100%"/>
							</conditions>
						</line>
						<line number="66" hits="4" branch="false"/>
						<line number="69" hits="3" branch="false"/>
						<line number="71" hits="9" branch="false"/>
						<line number="73" hits="10" branch="false"/>
						<line number="77" hits="1" branch="false"/>
						<line number="84" hits="0" branch="true" condition-coverage="0% (0/4)">
							<conditions>
								<condition number="0" type="jump" coverage="0%"/>
								<condition number="1" type="jump" coverage="0%"/>
							</conditions>
						</line>
						<line number="88" hits="5" branch="true" condition-coverage="100% (2/2)">
							<conditions>
								<condition number="0" type="jump" coverage="100%"/>
							</conditions>
						</line>
						<line number="89" hits="2" branch="false"/>
						<line number="91" hits="5" branch="false"/>
						<line number="94" hits="0" branch="true" condition-coverage="0% (0/2)">
							<conditions>
								<condition number="0" type="jump" coverage="0%"/>
							</conditions>
						</line>
						<line number="95" hits="0" branch="false"/>
						<line number="97" hits="0" branch="false"/>
						<line number="102" hits="4" branch="false"/>
						<line number="103" hits="4" branch="false"/>
						<line number="105" hits="4" branch="true" condition-coverage="100% (2/2)">
							<conditions>
								<condition number="0" type="jump" coverage="100%"/>
							</conditions>
						</line>
						<line number="106" hits="3" branch="false"/>
						<line number="107" hits="3" branch="false"/>
						<line number="109" hits="4" branch="true" condition-coverage="100% (2/2)">
							<conditions>
								<condition number="0" type="jump" coverage="100%"/>
							</conditions>
						</line>
						<line number="110" hits="3" branch="false"/>
						<line number="111" hits="3" branch="false"/>
						<line number="113" hits="4" branch="true" condition-coverage="100% (2/2)">
							<conditions>
								<condition number="0" type="jump" coverage="100%"/>
							</conditions>
						</line>
						<line number="114" hits="3" branch="false"/>
						<line number="115" hits="3" branch="false"/>
						<line number="117" hits="4" branch="true" condition-coverage="100% (2/2)">
							<conditions>
								<condition number="0" type="jump" coverage="100%"/>
							</conditions>
						</line>
						<line number="118" hits="3" branch="false"/>
						<line number="119" hits="3" branch="false"/>
						<line number="121" hits="4" branch="false"/>
						<line number="122" hits="4" branch="false"/>
						<line number="125" hits="12" branch="false"/>
						<line number="126" hits="12" branch="false"/>
						<line number="127" hits="12" branch="false"/>
						<line number="128" hits="12" branch="true" condition-coverage="100% (4/4)">
							<conditions>
								<condition number="0" type="jump" coverage="100%"/>
								<condition number="1" type="jump" coverage="100%"/>
							</conditions>
						</line>
						<line number="129" hits="12" branch="false"/>
						<line number="131" hits="12" branch="false"/>
						<line number="132" hits="172" branch="true" condition-coverage="100% (2/2)">
							<conditions>
								<condition number="0" type="jump" coverage="100%"/>
							</conditions>
						</line>
						<line number="133" hits="2560" branch="true" condition-coverage="100% (2/2)">
							<conditions>
								<condition number="0" type="jump" coverage="100%"/>
							</conditions>
						</line>
						<line number="134" hits="2400" branch="true" condition-coverage="100% (2/2)">
							<conditions>
								<condition number="0" type="jump" coverage="100%"/>
							</conditions>
						</line>
						<line number="135" hits="204" branch="true" condition-coverage="100% (5/5)">
							<conditions>
								<condition number="0" type="switch" coverage="100%"/>
							</conditions>
						</line>
						<line number="137" hits="51" branch="false"/>
						<line number="138" hits="51" branch="false"/>
						<line number="140" hits="51" branch="false"/>
						<line number="141" hits="51" branch="false"/>
						<line number="143" hits="51" branch="false"/>
						<line number="144" hits="51" branch="false"/>
						<line number="146" hits="51" branch="false"/>
						<line number="152" hits="12" branch="false"/>
						<line number="156" hits="0" branch="false"/>
						<line number="158" hits="0" branch="false"/>
						<line number="159" hits="0" branch="true" condition-coverage="0% (0/2)">
							<conditions>
								<condition number="0" type="jump" coverage="0%"/>
							</conditions>
						</line>
						<line number="160" hits="0" branch="false"/>
						<line number="161" hits="0" branch="false"/>
						<line number="162" hits="0" branch="false"/>
						<line number="163" hits="0" branch="true" condition-coverage="0% (0/2)">
							<conditions>
								<condition number="0" type="jump" coverage="0%"/>
							</conditions>
						</line>
						<line number="164" hits="0" branch="false"/>
						<line number="165" hits="0" branch="false"/>
						<line number="167" hits="0" branch="false"/>
						<line number="168" hits="0" branch="false"/>
						<line number="169" hits="0" branch="false"/>
						<line number="170" hits="0" branch="false"/>
						<line number="171" hits="0" branch="false"/>
						<line number="173" hits="0" branch="true" condition-coverage="0% (0/2)">
							<conditions>
								<condition number="0" type="jump" coverage="0%"/>
							</conditions>
						</line>
						<line number="174" hits="0" branch="true" condition-coverage="0% (0/2)">
							<conditions>
								<condition number="0" type="jump" coverage="0%"/>
							</conditions>
						</line>
						<line number="175" hits="0" branch="false"/>
						<line number="177" hits="0" branch="false"/>
						<line number="181" hits="0" branch="false"/>
						<line number="182" hits="0" branch="true" condition-coverage="0% (0/2)">
							<conditions>
								<condition number="0" type="jump" coverage="0%"/>
							</conditions>
						</line>
						<line number="183" hits="0" branch="false"/>
						<line number="184" hits="0" branch="false"/>
						<line number="185" hits="0" branch="false"/>
						<line number="186" hits="0" branch="false"/>
						<line number="189" hits="0" branch="false"/>
						<line number="191" hits="0" branch="false"/>
						<line number="192" hits="0" branch="false"/>
						<line number="194" hits="0" branch="false"/>
						<line number="196" hits="0" branch="false"/>
						<line number="200" hits="21" branch="false"/>
						<line number="218" hits="21" branch="true" condition-coverage="100% (2/2)">
							<conditions>
								<condition number="0" type="jump" coverage="100%"/>
							</conditions>
						</line>
						<line number="219" hits="25" branch="true" condition-coverage="100% (2/2)">
							<conditions>
								<condition number="0" type="jump" coverage="100%"/>
							</conditions>
						</line>
						<line number="220" hits="13" branch="true" condition-coverage="50% (1/2)">
							<conditions>
								<condition number="0" type="jump" coverage="50%"/>
							</conditions>
						</line>
						<line number="221" hits="13" branch="false"/>
						<line number="225" hits="21" branch="false"/>
						<line number="228" hits="1" branch="false"/>
						<line number="243" hits="1" branch="false"/>
					</lines>
				</class>
				<class name="hk.ust.cse.TwitterClient.Utils$1" filename="hk/ust/cse/TwitterClient/Utils.java" line-rate="0.14285714285714285" branch-rate="1.0" complexity="3.0555555555555554">
					<methods>
						<method name="&lt;init&gt;" signature="(Ljava/lang/Object;Ljava/lang/String;)V" line-rate="1.0" branch-rate="1.0">
							<lines>
								<line number="200" hits="21" branch="false"/>
							</lines>
						</method>
						<method name="mouseDoubleClick" signature="(Lorg/eclipse/swt/events/MouseEvent;)V" line-rate="0.0" branch-rate="1.0">
							<lines>
								<line number="215" hits="0" branch="false"/>
							</lines>
						</method>
						<method name="mouseDown" signature="(Lorg/eclipse/swt/events/MouseEvent;)V" line-rate="0.0" branch-rate="1.0">
							<lines>
								<line number="208" hits="0" branch="false"/>
								<line number="209" hits="0" branch="false"/>
								<line number="210" hits="0" branch="false"/>
								<line number="211" hits="0" branch="false"/>
							</lines>
						</method>
						<method name="mouseUp" signature="(Lorg/eclipse/swt/events/MouseEvent;)V" line-rate="0.0" branch-rate="1.0">
							<lines>
								<line number="203" hits="0" branch="false"/>
							</lines>
						</method>
					</methods>
					<lines>
						<line number="200" hits="21" branch="false"/>
						<line number="203" hits="0" branch="false"/>
						<line number="208" hits="0" branch="false"/>
						<line number="209" hits="0" branch="false"/>
						<line number="210" hits="0" branch="false"/>
						<line number="211" hits="0" branch="false"/>
						<line number="215" hits="0" branch="false"/>
					</lines>
				</class>
				<class name="hk.ust.cse.TwitterClient.Utils$2" filename="hk/ust/cse/TwitterClient/Utils.java" line-rate="0.14285714285714285" branch-rate="0.0" complexity="3.0555555555555554">
					<methods>
						<method name="&lt;init&gt;" signature="(Ljava/lang/Object;Ljava/lang/String;)V" line-rate="1.0" branch-rate="1.0">
							<lines>
								<line number="228" hits="1" branch="false"/>
							</lines>
						</method>
						<method name="keyPressed" signature="(Lorg/eclipse/swt/events/KeyEvent;)V" line-rate="0.0" branch-rate="1.0">
							<lines>
								<line number="241" hits="0" branch="false"/>
							</lines>
						</method>
						<method name="keyReleased" signature="(Lorg/eclipse/swt/events/KeyEvent;)V" line-rate="0.0" branch-rate="0.0">
							<lines>
								<line number="231" hits="0" branch="true" condition-coverage="0% (0/2)">
									<conditions>
										<condition number="0" type="jump" coverage="0%"/>
									</conditions>
								</line>
								<line number="233" hits="0" branch="false"/>
								<line number="234" hits="0" branch="false"/>
								<line number="235" hits="0" branch="false"/>
								<line number="237" hits="0" branch="false"/>
							</lines>
						</method>
					</methods>
					<lines>
						<line number="228" hits="1" branch="false"/>
						<line number="231" hits="0" branch="true" condition-coverage="0% (0/2)">
							<conditions>
								<condition number="0" type="jump" coverage="0%"/>
							</conditions>
						</line>
						<line number="233" hits="0" branch="false"/>
						<line number="234" hits="0" branch="false"/>
						<line number="235" hits="0" branch="false"/>
						<line number="237" hits="0" branch="false"/>
						<line number="241" hits="0" branch="false"/>
					</lines>
				</class>
			</classes>
		</package>
		<package name="hk.ust.cse.TwitterClient.Controls" line-rate="0.22916666666666666" branch-rate="0.0" complexity="1.1379310344827587">
			<classes>
				<class name="hk.ust.cse.TwitterClient.Controls.HomePageControl" filename="hk/ust/cse/TwitterClient/Controls/HomePageControl.java" line-rate="0.0" branch-rate="1.0" complexity="1.0">
					<methods>
						<method name="&lt;init&gt;" signature="(Lhk/ust/cse/TwitterClient/Views/Home/HomePage;)V" line-rate="0.0" branch-rate="1.0">
							<lines>
								<line number="12" hits="0" branch="false"/>
								<line number="13" hits="0" branch="false"/>
								<line number="14" hits="0" branch="false"/>
							</lines>
						</method>
						<method name="access$000" signature="(Lhk/ust/cse/TwitterClient/Controls/HomePageControl;)Lhk/ust/cse/TwitterClient/Views/Home/HomePage;" line-rate="0.0" branch-rate="1.0">
							<lines>
								<line number="10" hits="0" branch="false"/>
							</lines>
						</method>
						<method name="showTweetsListCallback" signature="(Ljava/lang/Object;)V" line-rate="0.0" branch-rate="1.0">
							<lines>
								<line number="18" hits="0" branch="false"/>
								<line number="24" hits="0" branch="false"/>
								<line number="25" hits="0" branch="false"/>
							</lines>
						</method>
					</methods>
					<lines>
						<line number="10" hits="0" branch="false"/>
						<line number="12" hits="0" branch="false"/>
						<line number="13" hits="0" branch="false"/>
						<line number="14" hits="0" branch="false"/>
						<line number="18" hits="0" branch="false"/>
						<line number="24" hits="0" branch="false"/>
						<line number="25" hits="0" branch="false"/>
					</lines>
				</class>
				<class name="hk.ust.cse.TwitterClient.Controls.HomePageControl$1" filename="hk/ust/cse/TwitterClient/Controls/HomePageControl.java" line-rate="0.0" branch-rate="1.0" complexity="1.0">
					<methods>
						<method name="&lt;init&gt;" signature="(Lhk/ust/cse/TwitterClient/Controls/HomePageControl;Ljava/lang/Object;)V" line-rate="0.0" branch-rate="1.0">
							<lines>
								<line number="18" hits="0" branch="false"/>
							</lines>
						</method>
						<method name="run" signature="()V" line-rate="0.0" branch-rate="1.0">
							<lines>
								<line number="20" hits="0" branch="false"/>
								<line number="21" hits="0" branch="false"/>
								<line number="22" hits="0" branch="false"/>
							</lines>
						</method>
					</methods>
					<lines>
						<line number="18" hits="0" branch="false"/>
						<line number="20" hits="0" branch="false"/>
						<line number="21" hits="0" branch="false"/>
						<line number="22" hits="0" branch="false"/>
					</lines>
				</class>
				<class name="hk.ust.cse.TwitterClient.Controls.TweetViewControl" filename="hk/ust/cse/TwitterClient/Controls/TweetViewControl.java" line-rate="0.8571428571428571" branch-rate="1.0" complexity="1.0">
					<methods>
						<method name="&lt;init&gt;" signature="(Lhk/ust/cse/TwitterClient/Views/TweetView;)V" line-rate="1.0" branch-rate="1.0">
							<lines>
								<line number="13" hits="1" branch="false"/>
								<line number="14" hits="1" branch="false"/>
								<line number="15" hits="1" branch="false"/>
							</lines>
						</method>
						<method name="access$000" signature="(Lhk/ust/cse/TwitterClient/Controls/TweetViewControl;)Lhk/ust/cse/TwitterClient/Views/TweetView;" line-rate="0.0" branch-rate="1.0">
							<lines>
								<line number="11" hits="0" branch="false"/>
							</lines>
						</method>
						<method name="getRepliesCallback" signature="(Ljava/lang/Object;)V" line-rate="1.0" branch-rate="1.0">
							<lines>
								<line number="18" hits="1" branch="false"/>
								<line number="25" hits="1" branch="false"/>
								<line number="26" hits="1" branch="false"/>
							</lines>
						</method>
					</methods>
					<lines>
						<line number="11" hits="0" branch="false"/>
						<line number="13" hits="1" branch="false"/>
						<line number="14" hits="1" branch="false"/>
						<line number="15" hits="1" branch="false"/>
						<line number="18" hits="1" branch="false"/>
						<line number="25" hits="1" branch="false"/>
						<line number="26" hits="1" branch="false"/>
					</lines>
				</class>
				<class name="hk.ust.cse.TwitterClient.Controls.TweetViewControl$1" filename="hk/ust/cse/TwitterClient/Controls/TweetViewControl.java" line-rate="0.2" branch-rate="1.0" complexity="1.0">
					<methods>
						<method name="&lt;init&gt;" signature="(Lhk/ust/cse/TwitterClient/Controls/TweetViewControl;Ljava/lang/Object;)V" line-rate="1.0" branch-rate="1.0">
							<lines>
								<line number="18" hits="1" branch="false"/>
							</lines>
						</method>
						<method name="run" signature="()V" line-rate="0.0" branch-rate="1.0">
							<lines>
								<line number="20" hits="0" branch="false"/>
								<line number="21" hits="0" branch="false"/>
								<line number="22" hits="0" branch="false"/>
								<line number="23" hits="0" branch="false"/>
							</lines>
						</method>
					</methods>
					<lines>
						<line number="18" hits="1" branch="false"/>
						<line number="20" hits="0" branch="false"/>
						<line number="21" hits="0" branch="false"/>
						<line number="22" hits="0" branch="false"/>
						<line number="23" hits="0" branch="false"/>
					</lines>
				</class>
				<class name="hk.ust.cse.TwitterClient.Controls.TwitterControl" filename="hk/ust/cse/TwitterClient/Controls/TwitterControl.java" line-rate="0.0" branch-rate="1.0" complexity="1.25">
					<methods>
						<method name="&lt;init&gt;" signature="()V" line-rate="1.0" branch-rate="1.0">
							<lines>
							</lines>
						</method>
						<method name="access$000" signature="()Ljava/util/HashMap;" line-rate="0.0" branch-rate="1.0">
							<lines>
								<line number="17" hits="0" branch="false"/>
							</lines>
						</method>
						<method name="getAccountUser" signature="()Ltwitter4j/User;" line-rate="0.0" branch-rate="1.0">
							<lines>
								<line number="99" hits="0" branch="false"/>
							</lines>
						</method>
						<method name="getFollowers" signature="(Ljava/lang/String;JLjava/lang/String;Ljava/lang/Object;)V" line-rate="0.0" branch-rate="1.0">
							<lines>
								<line number="83" hits="0" branch="false"/>
								<line number="84" hits="0" branch="false"/>
								<line number="85" hits="0" branch="false"/>
							</lines>
						</method>
						<method name="getFollowing" signature="(Ljava/lang/String;JLjava/lang/String;Ljava/lang/Object;)V" line-rate="0.0" branch-rate="1.0">
							<lines>
								<line number="88" hits="0" branch="false"/>
								<line number="89" hits="0" branch="false"/>
								<line number="90" hits="0" branch="false"/>
							</lines>
						</method>
						<method name="getHomeTimeline" signature="(ILjava/lang/String;Ljava/lang/Object;)V" line-rate="0.0" branch-rate="1.0">
							<lines>
								<line number="73" hits="0" branch="false"/>
								<line number="74" hits="0" branch="false"/>
								<line number="75" hits="0" branch="false"/>
							</lines>
						</method>
						<method name="getReplies" signature="(Ltwitter4j/Status;Ljava/lang/String;Ljava/lang/Object;)V" line-rate="0.0" branch-rate="1.0">
							<lines>
								<line number="93" hits="0" branch="false"/>
								<line number="94" hits="0" branch="false"/>
								<line number="95" hits="0" branch="false"/>
							</lines>
						</method>
						<method name="getTwitter" signature="()Ltwitter4j/Twitter;" line-rate="0.0" branch-rate="1.0">
							<lines>
								<line number="112" hits="0" branch="false"/>
							</lines>
						</method>
						<method name="getUser" signature="(Ljava/lang/String;)Ltwitter4j/User;" line-rate="0.0" branch-rate="1.0">
							<lines>
								<line number="104" hits="0" branch="false"/>
								<line number="106" hits="0" branch="false"/>
								<line number="107" hits="0" branch="false"/>
								<line number="108" hits="0" branch="false"/>
							</lines>
						</method>
						<method name="getUserTimeline" signature="(Ljava/lang/String;ILjava/lang/String;Ljava/lang/Object;)V" line-rate="0.0" branch-rate="1.0">
							<lines>
								<line number="78" hits="0" branch="false"/>
								<line number="79" hits="0" branch="false"/>
								<line number="80" hits="0" branch="false"/>
							</lines>
						</method>
						<method name="setupTwitter" signature="(Ltwitter4j/Twitter;Ltwitter4j/AsyncTwitter;)V" line-rate="0.0" branch-rate="1.0">
							<lines>
								<line number="20" hits="0" branch="false"/>
								<line number="21" hits="0" branch="false"/>
								<line number="22" hits="0" branch="false"/>
								<line number="25" hits="0" branch="false"/>
								<line number="26" hits="0" branch="false"/>
								<line number="28" hits="0" branch="false"/>
								<line number="70" hits="0" branch="false"/>
							</lines>
						</method>
					</methods>
					<lines>
						<line number="17" hits="0" branch="false"/>
						<line number="20" hits="0" branch="false"/>
						<line number="21" hits="0" branch="false"/>
						<line number="22" hits="0" branch="false"/>
						<line number="25" hits="0" branch="false"/>
						<line number="26" hits="0" branch="false"/>
						<line number="28" hits="0" branch="false"/>
						<line number="70" hits="0" branch="false"/>
						<line number="73" hits="0" branch="false"/>
						<line number="74" hits="0" branch="false"/>
						<line number="75" hits="0" branch="false"/>
						<line number="78" hits="0" branch="false"/>
						<line number="79" hits="0" branch="false"/>
						<line number="80" hits="0" branch="false"/>
						<line number="83" hits="0" branch="false"/>
						<line number="84" hits="0" branch="false"/>
						<line number="85" hits="0" branch="false"/>
						<line number="88" hits="0" branch="false"/>
						<line number="89" hits="0" branch="false"/>
						<line number="90" hits="0" branch="false"/>
						<line number="93" hits="0" branch="false"/>
						<line number="94" hits="0" branch="false"/>
						<line number="95" hits="0" branch="false"/>
						<line number="99" hits="0" branch="false"/>
						<line number="104" hits="0" branch="false"/>
						<line number="106" hits="0" branch="false"/>
						<line number="107" hits="0" branch="false"/>
						<line number="108" hits="0" branch="false"/>
						<line number="112" hits="0" branch="false"/>
					</lines>
				</class>
				<class name="hk.ust.cse.TwitterClient.Controls.TwitterControl$1" filename="hk/ust/cse/TwitterClient/Controls/TwitterControl.java" line-rate="0.0" branch-rate="0.0" complexity="1.25">
					<methods>
						<method name="&lt;init&gt;" signature="()V" line-rate="0.0" branch-rate="1.0">
							<lines>
								<line number="28" hits="0" branch="false"/>
							</lines>
						</method>
						<method name="gotFollowersList" signature="(Ltwitter4j/PagableResponseList;)V" line-rate="0.0" branch-rate="1.0">
							<lines>
								<line number="41" hits="0" branch="false"/>
								<line number="42" hits="0" branch="false"/>
							</lines>
						</method>
						<method name="gotFriendsList" signature="(Ltwitter4j/PagableResponseList;)V" line-rate="0.0" branch-rate="1.0">
							<lines>
								<line number="46" hits="0" branch="false"/>
								<line number="47" hits="0" branch="false"/>
							</lines>
						</method>
						<method name="gotHomeTimeline" signature="(Ltwitter4j/ResponseList;)V" line-rate="0.0" branch-rate="1.0">
							<lines>
								<line number="31" hits="0" branch="false"/>
								<line number="32" hits="0" branch="false"/>
							</lines>
						</method>
						<method name="gotRelatedResults" signature="(Ltwitter4j/RelatedResults;)V" line-rate="0.0" branch-rate="1.0">
							<lines>
								<line number="51" hits="0" branch="false"/>
								<line number="52" hits="0" branch="false"/>
							</lines>
						</method>
						<method name="gotUserTimeline" signature="(Ltwitter4j/ResponseList;)V" line-rate="0.0" branch-rate="1.0">
							<lines>
								<line number="36" hits="0" branch="false"/>
								<line number="37" hits="0" branch="false"/>
							</lines>
						</method>
						<method name="invokeCallback" signature="(Ljava/lang/String;Ljava/lang/Object;)V" line-rate="0.0" branch-rate="0.0">
							<lines>
								<line number="60" hits="0" branch="false"/>
								<line number="61" hits="0" branch="true" condition-coverage="0% (0/2)">
									<conditions>
										<condition number="0" type="jump" coverage="0%"/>
									</conditions>
								</line>
								<line number="63" hits="0" branch="false"/>
								<line number="65" hits="0" branch="false"/>
								<line number="66" hits="0" branch="false"/>
								<line number="68" hits="0" branch="false"/>
							</lines>
						</method>
						<method name="onException" signature="(Ltwitter4j/TwitterException;Ltwitter4j/TwitterMethod;)V" line-rate="0.0" branch-rate="1.0">
							<lines>
								<line number="56" hits="0" branch="false"/>
								<line number="57" hits="0" branch="false"/>
							</lines>
						</method>
					</methods>
					<lines>
						<line number="28" hits="0" branch="false"/>
						<line number="31" hits="0" branch="false"/>
						<line number="32" hits="0" branch="false"/>
						<line number="36" hits="0" branch="false"/>
						<line number="37" hits="0" branch="false"/>
						<line number="41" hits="0" branch="false"/>
						<line number="42" hits="0" branch="false"/>
						<line number="46" hits="0" branch="false"/>
						<line number="47" hits="0" branch="false"/>
						<line number="51" hits="0" branch="false"/>
						<line number="52" hits="0" branch="false"/>
						<line number="56" hits="0" branch="false"/>
						<line number="57" hits="0" branch="false"/>
						<line number="60" hits="0" branch="false"/>
						<line number="61" hits="0" branch="true" condition-coverage="0% (0/2)">
							<conditions>
								<condition number="0" type="jump" coverage="0%"/>
							</conditions>
						</line>
						<line number="63" hits="0" branch="false"/>
						<line number="65" hits="0" branch="false"/>
						<line number="66" hits="0" branch="false"/>
						<line number="68" hits="0" branch="false"/>
					</lines>
				</class>
				<class name="hk.ust.cse.TwitterClient.Controls.UserPageControl" filename="hk/ust/cse/TwitterClient/Controls/UserPageControl.java" line-rate="0.9230769230769231" branch-rate="1.0" complexity="1.0">
					<methods>
						<method name="&lt;init&gt;" signature="(Lhk/ust/cse/TwitterClient/Views/User/UserPage;)V" line-rate="1.0" branch-rate="1.0">
							<lines>
								<line number="14" hits="1" branch="false"/>
								<line number="15" hits="1" branch="false"/>
								<line number="16" hits="1" branch="false"/>
							</lines>
						</method>
						<method name="access$000" signature="(Lhk/ust/cse/TwitterClient/Controls/UserPageControl;)Lhk/ust/cse/TwitterClient/Views/User/UserPage;" line-rate="0.0" branch-rate="1.0">
							<lines>
								<line number="12" hits="0" branch="false"/>
							</lines>
						</method>
						<method name="showFollowersListCallback" signature="(Ljava/lang/Object;)V" line-rate="1.0" branch-rate="1.0">
							<lines>
								<line number="42" hits="1" branch="false"/>
								<line number="48" hits="1" branch="false"/>
								<line number="49" hits="1" branch="false"/>
							</lines>
						</method>
						<method name="showFollowingListCallback" signature="(Ljava/lang/Object;)V" line-rate="1.0" branch-rate="1.0">
							<lines>
								<line number="31" hits="1" branch="false"/>
								<line number="37" hits="1" branch="false"/>
								<line number="38" hits="1" branch="false"/>
							</lines>
						</method>
						<method name="showTweetsListCallback" signature="(Ljava/lang/Object;)V" line-rate="1.0" branch-rate="1.0">
							<lines>
								<line number="20" hits="1" branch="false"/>
								<line number="26" hits="1" branch="false"/>
								<line number="27" hits="1" branch="false"/>
							</lines>
						</method>
					</methods>
					<lines>
						<line number="12" hits="0" branch="false"/>
						<line number="14" hits="1" branch="false"/>
						<line number="15" hits="1" branch="false"/>
						<line number="16" hits="1" branch="false"/>
						<line number="20" hits="1" branch="false"/>
						<line number="26" hits="1" branch="false"/>
						<line number="27" hits="1" branch="false"/>
						<line number="31" hits="1" branch="false"/>
						<line number="37" hits="1" branch="false"/>
						<line number="38" hits="1" branch="false"/>
						<line number="42" hits="1" branch="false"/>
						<line number="48" hits="1" branch="false"/>
						<line number="49" hits="1" branch="false"/>
					</lines>
				</class>
				<class name="hk.ust.cse.TwitterClient.Controls.UserPageControl$1" filename="hk/ust/cse/TwitterClient/Controls/UserPageControl.java" line-rate="0.25" branch-rate="1.0" complexity="1.0">
					<methods>
						<method name="&lt;init&gt;" signature="(Lhk/ust/cse/TwitterClient/Controls/UserPageControl;Ljava/lang/Object;)V" line-rate="1.0" branch-rate="1.0">
							<lines>
								<line number="20" hits="1" branch="false"/>
							</lines>
						</method>
						<method name="run" signature="()V" line-rate="0.0" branch-rate="1.0">
							<lines>
								<line number="22" hits="0" branch="false"/>
								<line number="23" hits="0" branch="false"/>
								<line number="24" hits="0" branch="false"/>
							</lines>
						</method>
					</methods>
					<lines>
						<line number="20" hits="1" branch="false"/>
						<line number="22" hits="0" branch="false"/>
						<line number="23" hits="0" branch="false"/>
						<line number="24" hits="0" branch="false"/>
					</lines>
				</class>
				<class name="hk.ust.cse.TwitterClient.Controls.UserPageControl$2" filename="hk/ust/cse/TwitterClient/Controls/UserPageControl.java" line-rate="0.25" branch-rate="1.0" complexity="1.0">
					<methods>
						<method name="&lt;init&gt;" signature="(Lhk/ust/cse/TwitterClient/Controls/UserPageControl;Ljava/lang/Object;)V" line-rate="1.0" branch-rate="1.0">
							<lines>
								<line number="31" hits="1" branch="false"/>
							</lines>
						</method>
						<method name="run" signature="()V" line-rate="0.0" branch-rate="1.0">
							<lines>
								<line number="33" hits="0" branch="false"/>
								<line number="34" hits="0" branch="false"/>
								<line number="35" hits="0" branch="false"/>
							</lines>
						</method>
					</methods>
					<lines>
						<line number="31" hits="1" branch="false"/>
						<line number="33" hits="0" branch="false"/>
						<line number="34" hits="0" branch="false"/>
						<line number="35" hits="0" branch="false"/>
					</lines>
				</class>
				<class name="hk.ust.cse.TwitterClient.Controls.UserPageControl$3" filename="hk/ust/cse/TwitterClient/Controls/UserPageControl.java" line-rate="0.25" branch-rate="1.0" complexity="1.0">
					<methods>
						<method name="&lt;init&gt;" signature="(Lhk/ust/cse/TwitterClient/Controls/UserPageControl;Ljava/lang/Object;)V" line-rate="1.0" branch-rate="1.0">
							<lines>
								<line number="42" hits="1" branch="false"/>
							</lines>
						</method>
						<method name="run" signature="()V" line-rate="0.0" branch-rate="1.0">
							<lines>
								<line number="44" hits="0" branch="false"/>
								<line number="45" hits="0" branch="false"/>
								<line number="46" hits="0" branch="false"/>
							</lines>
						</method>
					</methods>
					<lines>
						<line number="42" hits="1" branch="false"/>
						<line number="44" hits="0" branch="false"/>
						<line number="45" hits="0" branch="false"/>
						<line number="46" hits="0" branch="false"/>
					</lines>
				</class>
			</classes>
		</package>
		<package name="hk.ust.cse.TwitterClient.Resources" line-rate="0.9705882352941176" branch-rate="1.0" complexity="0.0">
			<classes>
				<class name="hk.ust.cse.TwitterClient.Resources.Resources" filename="hk/ust/cse/TwitterClient/Resources/Resources.java" line-rate="0.9705882352941176" branch-rate="1.0" complexity="0.0">
					<methods>
						<method name="&lt;clinit&gt;" signature="()V" line-rate="1.0" branch-rate="1.0">
							<lines>
								<line number="14" hits="9" branch="false"/>
								<line number="15" hits="9" branch="false"/>
								<line number="16" hits="9" branch="false"/>
								<line number="17" hits="9" branch="false"/>
								<line number="18" hits="9" branch="false"/>
								<line number="19" hits="9" branch="false"/>
								<line number="20" hits="9" branch="false"/>
								<line number="21" hits="9" branch="false"/>
								<line number="22" hits="9" branch="false"/>
								<line number="23" hits="9" branch="false"/>
								<line number="24" hits="9" branch="false"/>
								<line number="25" hits="9" branch="false"/>
								<line number="27" hits="9" branch="false"/>
								<line number="28" hits="9" branch="false"/>
								<line number="29" hits="9" branch="false"/>
								<line number="30" hits="9" branch="false"/>
								<line number="31" hits="9" branch="false"/>
								<line number="32" hits="9" branch="false"/>
								<line number="33" hits="9" branch="false"/>
								<line number="34" hits="9" branch="false"/>
								<line number="36" hits="9" branch="false"/>
								<line number="38" hits="9" branch="false"/>
								<line number="39" hits="9" branch="false"/>
								<line number="40" hits="9" branch="false"/>
								<line number="41" hits="9" branch="false"/>
								<line number="42" hits="9" branch="false"/>
								<line number="43" hits="9" branch="false"/>
								<line number="44" hits="9" branch="false"/>
								<line number="45" hits="9" branch="false"/>
								<line number="46" hits="9" branch="false"/>
								<line number="47" hits="9" branch="false"/>
								<line number="48" hits="9" branch="false"/>
								<line number="49" hits="9" branch="false"/>
							</lines>
						</method>
						<method name="&lt;init&gt;" signature="()V" line-rate="0.0" branch-rate="1.0">
							<lines>
								<line number="11" hits="0" branch="false"/>
							</lines>
						</method>
					</methods>
					<lines>
						<line number="11" hits="0" branch="false"/>
						<line number="14" hits="9" branch="false"/>
						<line number="15" hits="9" branch="false"/>
						<line number="16" hits="9" branch="false"/>
						<line number="17" hits="9" branch="false"/>
						<line number="18" hits="9" branch="false"/>
						<line number="19" hits="9" branch="false"/>
						<line number="20" hits="9" branch="false"/>
						<line number="21" hits="9" branch="false"/>
						<line number="22" hits="9" branch="false"/>
						<line number="23" hits="9" branch="false"/>
						<line number="24" hits="9" branch="false"/>
						<line number="25" hits="9" branch="false"/>
						<line number="27" hits="9" branch="false"/>
						<line number="28" hits="9" branch="false"/>
						<line number="29" hits="9" branch="false"/>
						<line number="30" hits="9" branch="false"/>
						<line number="31" hits="9" branch="false"/>
						<line number="32" hits="9" branch="false"/>
						<line number="33" hits="9" branch="false"/>
						<line number="34" hits="9" branch="false"/>
						<line number="36" hits="9" branch="false"/>
						<line number="38" hits="9" branch="false"/>
						<line number="39" hits="9" branch="false"/>
						<line number="40" hits="9" branch="false"/>
						<line number="41" hits="9" branch="false"/>
						<line number="42" hits="9" branch="false"/>
						<line number="43" hits="9" branch="false"/>
						<line number="44" hits="9" branch="false"/>
						<line number="45" hits="9" branch="false"/>
						<line number="46" hits="9" branch="false"/>
						<line number="47" hits="9" branch="false"/>
						<line number="48" hits="9" branch="false"/>
						<line number="49" hits="9" branch="false"/>
					</lines>
				</class>
			</classes>
		</package>
		<package name="hk.ust.cse.TwitterClient.Views" line-rate="0.44349680170575695" branch-rate="0.11904761904761904" complexity="1.6363636363636365">
			<classes>
				<class name="hk.ust.cse.TwitterClient.Views.ControlBar" filename="hk/ust/cse/TwitterClient/Views/ControlBar.java" line-rate="0.975609756097561" branch-rate="1.0" complexity="1.0">
					<methods>
						<method name="&lt;init&gt;" signature="(Lorg/eclipse/swt/widgets/Composite;IIILjava/lang/String;Ljava/lang/String;Ljava/lang/Object;)V" line-rate="1.0" branch-rate="1.0">
							<lines>
								<line number="19" hits="1" branch="false"/>
								<line number="21" hits="1" branch="false"/>
								<line number="22" hits="1" branch="false"/>
								<line number="23" hits="1" branch="false"/>
								<line number="25" hits="1" branch="false"/>
								<line number="28" hits="1" branch="false"/>
								<line number="33" hits="1" branch="false"/>
							</lines>
						</method>
						<method name="access$000" signature="(Lhk/ust/cse/TwitterClient/Views/ControlBar;Lorg/eclipse/swt/events/DisposeEvent;)V" line-rate="1.0" branch-rate="1.0">
							<lines>
							</lines>
						</method>
						<method name="access$100" signature="(Lhk/ust/cse/TwitterClient/Views/ControlBar;)Lorg/eclipse/swt/widgets/Text;" line-rate="1.0" branch-rate="1.0">
							<lines>
								<line number="16" hits="1" branch="false"/>
							</lines>
						</method>
						<method name="getGotoPeopleName" signature="()Ljava/lang/String;" line-rate="0.0" branch-rate="1.0">
							<lines>
								<line number="106" hits="0" branch="false"/>
							</lines>
						</method>
						<method name="initialize" signature="(III)V" line-rate="1.0" branch-rate="1.0">
							<lines>
								<line number="37" hits="1" branch="false"/>
								<line number="40" hits="1" branch="false"/>
								<line number="41" hits="1" branch="false"/>
								<line number="44" hits="1" branch="false"/>
								<line number="45" hits="1" branch="false"/>
								<line number="46" hits="1" branch="false"/>
								<line number="49" hits="1" branch="false"/>
								<line number="50" hits="1" branch="false"/>
								<line number="52" hits="1" branch="false"/>
								<line number="55" hits="1" branch="false"/>
								<line number="56" hits="1" branch="false"/>
								<line number="58" hits="1" branch="false"/>
								<line number="61" hits="1" branch="false"/>
								<line number="62" hits="1" branch="false"/>
								<line number="63" hits="1" branch="false"/>
								<line number="65" hits="1" branch="false"/>
								<line number="66" hits="1" branch="false"/>
								<line number="69" hits="1" branch="false"/>
								<line number="70" hits="1" branch="false"/>
								<line number="71" hits="1" branch="false"/>
								<line number="72" hits="1" branch="false"/>
								<line number="73" hits="1" branch="false"/>
								<line number="74" hits="1" branch="false"/>
								<line number="87" hits="1" branch="false"/>
								<line number="90" hits="1" branch="false"/>
								<line number="91" hits="1" branch="false"/>
								<line number="93" hits="1" branch="false"/>
								<line number="95" hits="1" branch="false"/>
								<line number="97" hits="1" branch="false"/>
								<line number="99" hits="1" branch="false"/>
								<line number="100" hits="1" branch="false"/>
							</lines>
						</method>
						<method name="widgetDisposed" signature="(Lorg/eclipse/swt/events/DisposeEvent;)V" line-rate="1.0" branch-rate="1.0">
							<lines>
								<line number="103" hits="1" branch="false"/>
							</lines>
						</method>
					</methods>
					<lines>
						<line number="16" hits="1" branch="false"/>
						<line number="19" hits="1" branch="false"/>
						<line number="21" hits="1" branch="false"/>
						<line number="22" hits="1" branch="false"/>
						<line number="23" hits="1" branch="false"/>
						<line number="25" hits="1" branch="false"/>
						<line number="28" hits="1" branch="false"/>
						<line number="33" hits="1" branch="false"/>
						<line number="37" hits="1" branch="false"/>
						<line number="40" hits="1" branch="false"/>
						<line number="41" hits="1" branch="false"/>
						<line number="44" hits="1" branch="false"/>
						<line number="45" hits="1" branch="false"/>
						<line number="46" hits="1" branch="false"/>
						<line number="49" hits="1" branch="false"/>
						<line number="50" hits="1" branch="false"/>
						<line number="52" hits="1" branch="false"/>
						<line number="55" hits="1" branch="false"/>
						<line number="56" hits="1" branch="false"/>
						<line number="58" hits="1" branch="false"/>
						<line number="61" hits="1" branch="false"/>
						<line number="62" hits="1" branch="false"/>
						<line number="63" hits="1" branch="false"/>
						<line number="65" hits="1" branch="false"/>
						<line number="66" hits="1" branch="false"/>
						<line number="69" hits="1" branch="false"/>
						<line number="70" hits="1" branch="false"/>
						<line number="71" hits="1" branch="false"/>
						<line number="72" hits="1" branch="false"/>
						<line number="73" hits="1" branch="false"/>
						<line number="74" hits="1" branch="false"/>
						<line number="87" hits="1" branch="false"/>
						<line number="90" hits="1" branch="false"/>
						<line number="91" hits="1" branch="false"/>
						<line number="93" hits="1" branch="false"/>
						<line number="95" hits="1" branch="false"/>
						<line number="97" hits="1" branch="false"/>
						<line number="99" hits="1" branch="false"/>
						<line number="100" hits="1" branch="false"/>
						<line number="103" hits="1" branch="false"/>
						<line number="106" hits="0" branch="false"/>
					</lines>
				</class>
				<class name="hk.ust.cse.TwitterClient.Views.ControlBar$1" filename="hk/ust/cse/TwitterClient/Views/ControlBar.java" line-rate="1.0" branch-rate="1.0" complexity="1.0">
					<methods>
						<method name="&lt;init&gt;" signature="(Lhk/ust/cse/TwitterClient/Views/ControlBar;)V" line-rate="1.0" branch-rate="1.0">
							<lines>
								<line number="28" hits="1" branch="false"/>
							</lines>
						</method>
						<method name="widgetDisposed" signature="(Lorg/eclipse/swt/events/DisposeEvent;)V" line-rate="1.0" branch-rate="1.0">
							<lines>
								<line number="30" hits="1" branch="false"/>
								<line number="31" hits="1" branch="false"/>
							</lines>
						</method>
					</methods>
					<lines>
						<line number="28" hits="1" branch="false"/>
						<line number="30" hits="1" branch="false"/>
						<line number="31" hits="1" branch="false"/>
					</lines>
				</class>
				<class name="hk.ust.cse.TwitterClient.Views.ControlBar$2" filename="hk/ust/cse/TwitterClient/Views/ControlBar.java" line-rate="0.14285714285714285" branch-rate="1.0" complexity="1.0">
					<methods>
						<method name="&lt;init&gt;" signature="(Lhk/ust/cse/TwitterClient/Views/ControlBar;Lhk/ust/cse/TwitterClient/Views/Basic/RowComposite;)V" line-rate="1.0" branch-rate="1.0">
							<lines>
								<line number="74" hits="1" branch="false"/>
							</lines>
						</method>
						<method name="focusGained" signature="(Lorg/eclipse/swt/events/FocusEvent;)V" line-rate="0.0" branch-rate="1.0">
							<lines>
								<line number="83" hits="0" branch="false"/>
								<line number="84" hits="0" branch="false"/>
								<line number="85" hits="0" branch="false"/>
							</lines>
						</method>
						<method name="focusLost" signature="(Lorg/eclipse/swt/events/FocusEvent;)V" line-rate="0.0" branch-rate="1.0">
							<lines>
								<line number="77" hits="0" branch="false"/>
								<line number="78" hits="0" branch="false"/>
								<line number="79" hits="0" branch="false"/>
							</lines>
						</method>
					</methods>
					<lines>
						<line number="74" hits="1" branch="false"/>
						<line number="77" hits="0" branch="false"/>
						<line number="78" hits="0" branch="false"/>
						<line number="79" hits="0" branch="false"/>
						<line number="83" hits="0" branch="false"/>
						<line number="84" hits="0" branch="false"/>
						<line number="85" hits="0" branch="false"/>
					</lines>
				</class>
				<class name="hk.ust.cse.TwitterClient.Views.ControlBarItem" filename="hk/ust/cse/TwitterClient/Views/ControlBarItem.java" line-rate="0.9444444444444444" branch-rate="1.0" complexity="1.125">
					<methods>
						<method name="&lt;init&gt;" signature="(Lorg/eclipse/swt/widgets/Composite;Ljava/lang/String;Lorg/eclipse/swt/graphics/Image;Lorg/eclipse/swt/graphics/Image;)V" line-rate="1.0" branch-rate="1.0">
							<lines>
								<line number="18" hits="3" branch="false"/>
								<line number="20" hits="3" branch="false"/>
								<line number="21" hits="3" branch="false"/>
								<line number="22" hits="3" branch="false"/>
								<line number="24" hits="3" branch="false"/>
								<line number="26" hits="3" branch="false"/>
								<line number="46" hits="3" branch="false"/>
								<line number="51" hits="3" branch="false"/>
							</lines>
						</method>
						<method name="access$000" signature="(Lhk/ust/cse/TwitterClient/Views/ControlBarItem;)Lorg/eclipse/swt/graphics/Image;" line-rate="1.0" branch-rate="1.0">
							<lines>
							</lines>
						</method>
						<method name="access$100" signature="(Lhk/ust/cse/TwitterClient/Views/ControlBarItem;)Lorg/eclipse/swt/graphics/Image;" line-rate="1.0" branch-rate="1.0">
							<lines>
							</lines>
						</method>
						<method name="access$200" signature="(Lhk/ust/cse/TwitterClient/Views/ControlBarItem;Lorg/eclipse/swt/events/DisposeEvent;)V" line-rate="1.0" branch-rate="1.0">
							<lines>
								<line number="15" hits="3" branch="false"/>
							</lines>
						</method>
						<method name="getTitle" signature="()Ljava/lang/String;" line-rate="0.0" branch-rate="1.0">
							<lines>
								<line number="71" hits="0" branch="false"/>
							</lines>
						</method>
						<method name="initialize" signature="()V" line-rate="1.0" branch-rate="1.0">
							<lines>
								<line number="55" hits="3" branch="false"/>
								<line number="58" hits="3" branch="false"/>
								<line number="59" hits="3" branch="false"/>
								<line number="61" hits="3" branch="false"/>
								<line number="62" hits="3" branch="false"/>
								<line number="64" hits="3" branch="false"/>
								<line number="65" hits="3" branch="false"/>
							</lines>
						</method>
						<method name="widgetDisposed" signature="(Lorg/eclipse/swt/events/DisposeEvent;)V" line-rate="1.0" branch-rate="1.0">
							<lines>
								<line number="68" hits="3" branch="false"/>
							</lines>
						</method>
					</methods>
					<lines>
						<line number="15" hits="3" branch="false"/>
						<line number="18" hits="3" branch="false"/>
						<line number="20" hits="3" branch="false"/>
						<line number="21" hits="3" branch="false"/>
						<line number="22" hits="3" branch="false"/>
						<line number="24" hits="3" branch="false"/>
						<line number="26" hits="3" branch="false"/>
						<line number="46" hits="3" branch="false"/>
						<line number="51" hits="3" branch="false"/>
						<line number="55" hits="3" branch="false"/>
						<line number="58" hits="3" branch="false"/>
						<line number="59" hits="3" branch="false"/>
						<line number="61" hits="3" branch="false"/>
						<line number="62" hits="3" branch="false"/>
						<line number="64" hits="3" branch="false"/>
						<line number="65" hits="3" branch="false"/>
						<line number="68" hits="3" branch="false"/>
						<line number="71" hits="0" branch="false"/>
					</lines>
				</class>
				<class name="hk.ust.cse.TwitterClient.Views.ControlBarItem$1" filename="hk/ust/cse/TwitterClient/Views/ControlBarItem.java" line-rate="0.125" branch-rate="0.0" complexity="1.125">
					<methods>
						<method name="&lt;init&gt;" signature="(Lhk/ust/cse/TwitterClient/Views/ControlBarItem;)V" line-rate="1.0" branch-rate="1.0">
							<lines>
								<line number="26" hits="3" branch="false"/>
							</lines>
						</method>
						<method name="mouseEnter" signature="(Lorg/eclipse/swt/events/MouseEvent;)V" line-rate="0.0" branch-rate="1.0">
							<lines>
								<line number="41" hits="0" branch="false"/>
								<line number="42" hits="0" branch="false"/>
							</lines>
						</method>
						<method name="mouseExit" signature="(Lorg/eclipse/swt/events/MouseEvent;)V" line-rate="0.0" branch-rate="0.0">
							<lines>
								<line number="33" hits="0" branch="false"/>
								<line number="34" hits="0" branch="true" condition-coverage="0% (0/2)">
									<conditions>
										<condition number="0" type="jump" coverage="0%"/>
									</conditions>
								</line>
								<line number="35" hits="0" branch="false"/>
								<line number="37" hits="0" branch="false"/>
							</lines>
						</method>
						<method name="mouseHover" signature="(Lorg/eclipse/swt/events/MouseEvent;)V" line-rate="0.0" branch-rate="1.0">
							<lines>
								<line number="29" hits="0" branch="false"/>
							</lines>
						</method>
					</methods>
					<lines>
						<line number="26" hits="3" branch="false"/>
						<line number="29" hits="0" branch="false"/>
						<line number="33" hits="0" branch="false"/>
						<line number="34" hits="0" branch="true" condition-coverage="0% (0/2)">
							<conditions>
								<condition number="0" type="jump" coverage="0%"/>
							</conditions>
						</line>
						<line number="35" hits="0" branch="false"/>
						<line number="37" hits="0" branch="false"/>
						<line number="41" hits="0" branch="false"/>
						<line number="42" hits="0" branch="false"/>
					</lines>
				</class>
				<class name="hk.ust.cse.TwitterClient.Views.ControlBarItem$2" filename="hk/ust/cse/TwitterClient/Views/ControlBarItem.java" line-rate="1.0" branch-rate="1.0" complexity="1.125">
					<methods>
						<method name="&lt;init&gt;" signature="(Lhk/ust/cse/TwitterClient/Views/ControlBarItem;)V" line-rate="1.0" branch-rate="1.0">
							<lines>
								<line number="46" hits="3" branch="false"/>
							</lines>
						</method>
						<method name="widgetDisposed" signature="(Lorg/eclipse/swt/events/DisposeEvent;)V" line-rate="1.0" branch-rate="1.0">
							<lines>
								<line number="48" hits="3" branch="false"/>
								<line number="49" hits="3" branch="false"/>
							</lines>
						</method>
					</methods>
					<lines>
						<line number="46" hits="3" branch="false"/>
						<line number="48" hits="3" branch="false"/>
						<line number="49" hits="3" branch="false"/>
					</lines>
				</class>
				<class name="hk.ust.cse.TwitterClient.Views.ListView" filename="hk/ust/cse/TwitterClient/Views/ListView.java" line-rate="0.9607843137254902" branch-rate="1.0" complexity="1.25">
					<methods>
						<method name="&lt;init&gt;" signature="(Lorg/eclipse/swt/widgets/Composite;I)V" line-rate="1.0" branch-rate="1.0">
							<lines>
								<line number="23" hits="2" branch="false"/>
								<line number="25" hits="2" branch="false"/>
								<line number="27" hits="2" branch="false"/>
								<line number="30" hits="2" branch="false"/>
								<line number="35" hits="2" branch="false"/>
							</lines>
						</method>
						<method name="&lt;init&gt;" signature="(Lorg/eclipse/swt/widgets/Composite;Ljava/lang/String;ILjava/lang/String;Ljava/lang/Object;Ljava/lang/String;Ljava/lang/Object;)V" line-rate="1.0" branch-rate="1.0">
							<lines>
								<line number="39" hits="1" branch="false"/>
								<line number="41" hits="1" branch="false"/>
								<line number="43" hits="1" branch="false"/>
								<line number="44" hits="1" branch="false"/>
								<line number="45" hits="1" branch="false"/>
								<line number="46" hits="1" branch="false"/>
								<line number="48" hits="1" branch="false"/>
								<line number="51" hits="1" branch="false"/>
								<line number="56" hits="1" branch="false"/>
							</lines>
						</method>
						<method name="access$000" signature="(Lhk/ust/cse/TwitterClient/Views/ListView;Lorg/eclipse/swt/events/DisposeEvent;)V" line-rate="1.0" branch-rate="1.0">
							<lines>
								<line number="20" hits="3" branch="false"/>
							</lines>
						</method>
						<method name="addItem" signature="(Lorg/eclipse/swt/widgets/Composite;)V" line-rate="0.0" branch-rate="1.0">
							<lines>
								<line number="106" hits="0" branch="false"/>
								<line number="107" hits="0" branch="false"/>
							</lines>
						</method>
						<method name="addItems" signature="(Ljava/util/List;)V" line-rate="1.0" branch-rate="1.0">
							<lines>
								<line number="110" hits="2" branch="false"/>
								<line number="111" hits="2" branch="true" condition-coverage="100% (2/2)">
									<conditions>
										<condition number="0" type="jump" coverage="100%"/>
									</conditions>
								</line>
								<line number="112" hits="3" branch="false"/>
								<line number="113" hits="3" branch="false"/>
								<line number="115" hits="2" branch="false"/>
								<line number="116" hits="2" branch="false"/>
								<line number="117" hits="2" branch="false"/>
							</lines>
						</method>
						<method name="initialize" signature="(Ljava/lang/String;I)V" line-rate="1.0" branch-rate="1.0">
							<lines>
								<line number="60" hits="3" branch="false"/>
								<line number="63" hits="3" branch="false"/>
								<line number="64" hits="3" branch="false"/>
								<line number="67" hits="3" branch="true" condition-coverage="100% (2/2)">
									<conditions>
										<condition number="0" type="jump" coverage="100%"/>
									</conditions>
								</line>
								<line number="69" hits="1" branch="false"/>
								<line number="70" hits="1" branch="false"/>
								<line number="71" hits="1" branch="false"/>
								<line number="72" hits="1" branch="false"/>
								<line number="74" hits="1" branch="false"/>
								<line number="75" hits="1" branch="false"/>
								<line number="76" hits="1" branch="false"/>
								<line number="77" hits="1" branch="false"/>
								<line number="78" hits="1" branch="false"/>
								<line number="80" hits="1" branch="false"/>
								<line number="81" hits="1" branch="false"/>
								<line number="83" hits="1" branch="false"/>
								<line number="84" hits="1" branch="false"/>
								<line number="85" hits="1" branch="false"/>
								<line number="87" hits="1" branch="false"/>
								<line number="90" hits="1" branch="false"/>
								<line number="91" hits="1" branch="false"/>
								<line number="92" hits="1" branch="false"/>
								<line number="94" hits="1" branch="false"/>
								<line number="98" hits="3" branch="false"/>
[...]
									<conditions>
										<condition number="0" type="jump" coverage="0%"/>
									</conditions>
								</line>
								<line number="284" hits="0" branch="false"/>
								<line number="286" hits="0" branch="false"/>
							</lines>
						</method>
						<method name="showFollowingList" signature="(Ltwitter4j/PagableResponseList;)V" line-rate="0.0" branch-rate="0.0">
							<lines>
								<line number="236" hits="0" branch="false"/>
								<line number="237" hits="0" branch="false"/>
								<line number="239" hits="0" branch="false"/>
								<line number="240" hits="0" branch="false"/>
								<line number="243" hits="0" branch="false"/>
								<line number="252" hits="0" branch="false"/>
								<line number="253" hits="0" branch="false"/>
								<line number="256" hits="0" branch="true" condition-coverage="0% (0/2)">
									<conditions>
										<condition number="0" type="jump" coverage="0%"/>
									</conditions>
								</line>
								<line number="257" hits="0" branch="false"/>
								<line number="259" hits="0" branch="false"/>
							</lines>
						</method>
						<method name="showNewItemList" signature="(Ljava/lang/String;)V" line-rate="0.0" branch-rate="0.0">
							<lines>
								<line number="133" hits="0" branch="false"/>
								<line number="135" hits="0" branch="false"/>
								<line number="136" hits="0" branch="false"/>
								<line number="139" hits="0" branch="true" condition-coverage="0% (0/2)">
									<conditions>
										<condition number="0" type="jump" coverage="0%"/>
									</conditions>
								</line>
								<line number="140" hits="0" branch="false"/>
								<line number="144" hits="0" branch="false"/>
								<line number="145" hits="0" branch="true" condition-coverage="0% (0/2)">
									<conditions>
										<condition number="0" type="jump" coverage="0%"/>
									</conditions>
								</line>
								<line number="146" hits="0" branch="false"/>
								<line number="147" hits="0" branch="false"/>
								<line number="148" hits="0" branch="false"/>
								<line number="150" hits="0" branch="true" condition-coverage="0% (0/2)">
									<conditions>
										<condition number="0" type="jump" coverage="0%"/>
									</conditions>
								</line>
								<line number="151" hits="0" branch="false"/>
								<line number="152" hits="0" branch="false"/>
								<line number="154" hits="0" branch="true" condition-coverage="0% (0/2)">
									<conditions>
										<condition number="0" type="jump" coverage="0%"/>
									</conditions>
								</line>
								<line number="155" hits="0" branch="false"/>
								<line number="156" hits="0" branch="false"/>
								<line number="158" hits="0" branch="true" condition-coverage="0% (0/2)">
									<conditions>
										<condition number="0" type="jump" coverage="0%"/>
									</conditions>
								</line>
								<line number="159" hits="0" branch="false"/>
								<line number="161" hits="0" branch="true" condition-coverage="0% (0/2)">
									<conditions>
										<condition number="0" type="jump" coverage="0%"/>
									</conditions>
								</line>
								<line number="162" hits="0" branch="false"/>
								<line number="164" hits="0" branch="false"/>
							</lines>
						</method>
						<method name="showTweetsList" signature="(Ljava/util/List;)V" line-rate="0.0" branch-rate="0.0">
							<lines>
								<line number="210" hits="0" branch="false"/>
								<line number="211" hits="0" branch="false"/>
								<line number="213" hits="0" branch="false"/>
								<line number="216" hits="0" branch="false"/>
								<line number="225" hits="0" branch="false"/>
								<line number="226" hits="0" branch="false"/>
								<line number="229" hits="0" branch="true" condition-coverage="0% (0/2)">
									<conditions>
										<condition number="0" type="jump" coverage="0%"/>
									</conditions>
								</line>
								<line number="230" hits="0" branch="false"/>
								<line number="232" hits="0" branch="false"/>
							</lines>
						</method>
						<method name="tweetsListBackClicked" signature="(Lorg/eclipse/swt/events/MouseEvent;)V" line-rate="0.0" branch-rate="0.0">
							<lines>
								<line number="167" hits="0" branch="true" condition-coverage="0% (0/2)">
									<conditions>
										<condition number="0" type="jump" coverage="0%"/>
									</conditions>
								</line>
								<line number="168" hits="0" branch="false"/>
								<line number="169" hits="0" branch="false"/>
								<line number="171" hits="0" branch="false"/>
							</lines>
						</method>
						<method name="tweetsListNextClicked" signature="(Lorg/eclipse/swt/events/MouseEvent;)V" line-rate="0.0" branch-rate="0.0">
							<lines>
								<line number="174" hits="0" branch="true" condition-coverage="0% (0/2)">
									<conditions>
										<condition number="0" type="jump" coverage="0%"/>
									</conditions>
								</line>
								<line number="175" hits="0" branch="false"/>
								<line number="176" hits="0" branch="false"/>
								<line number="178" hits="0" branch="false"/>
							</lines>
						</method>
						<method name="widgetDisposed" signature="(Lorg/eclipse/swt/events/DisposeEvent;)V" line-rate="0.0" branch-rate="1.0">
							<lines>
								<line number="290" hits="0" branch="false"/>
								<line number="293" hits="0" branch="false"/>
								<line number="294" hits="0" branch="false"/>
							</lines>
						</method>
					</methods>
					<lines>
						<line number="31" hits="0" branch="false"/>
						<line number="35" hits="0" branch="false"/>
						<line number="39" hits="0" branch="false"/>
						<line number="40" hits="0" branch="false"/>
						<line number="41" hits="0" branch="false"/>
						<line number="42" hits="0" branch="false"/>
						<line number="43" hits="0" branch="false"/>
						<line number="44" hits="0" branch="false"/>
						<line number="46" hits="0" branch="false"/>
						<line number="49" hits="0" branch="false"/>
						<line number="52" hits="0" branch="false"/>
						<line number="57" hits="0" branch="false"/>
						<line number="63" hits="0" branch="false"/>
						<line number="66" hits="0" branch="false"/>
						<line number="67" hits="0" branch="false"/>
						<line number="68" hits="0" branch="false"/>
						<line number="71" hits="0" branch="false"/>
						<line number="72" hits="0" branch="true" condition-coverage="0% (0/2)">
							<conditions>
								<condition number="0" type="jump" coverage="0%"/>
							</conditions>
						</line>
						<line number="73" hits="0" branch="false"/>
						<line number="77" hits="0" branch="false"/>
						<line number="80" hits="0" branch="false"/>
						<line number="81" hits="0" branch="false"/>
						<line number="82" hits="0" branch="false"/>
						<line number="93" hits="0" branch="false"/>
						<line number="94" hits="0" branch="false"/>
						<line number="95" hits="0" branch="false"/>
						<line number="96" hits="0" branch="false"/>
						<line number="97" hits="0" branch="false"/>
						<line number="100" hits="0" branch="false"/>
						<line number="103" hits="0" branch="false"/>
						<line number="104" hits="0" branch="false"/>
						<line number="107" hits="0" branch="false"/>
						<line number="109" hits="0" branch="false"/>
						<line number="110" hits="0" branch="false"/>
						<line number="111" hits="0" branch="false"/>
						<line number="114" hits="0" branch="false"/>
						<line number="115" hits="0" branch="true" condition-coverage="0% (0/2)">
							<conditions>
								<condition number="0" type="jump" coverage="0%"/>
							</conditions>
						</line>
						<line number="116" hits="0" branch="false"/>
						<line number="117" hits="0" branch="false"/>
						<line number="119" hits="0" branch="false"/>
						<line number="122" hits="0" branch="false"/>
						<line number="123" hits="0" branch="true" condition-coverage="0% (0/2)">
							<conditions>
								<condition number="0" type="jump" coverage="0%"/>
							</conditions>
						</line>
						<line number="124" hits="0" branch="false"/>
						<line number="126" hits="0" branch="true" condition-coverage="0% (0/2)">
							<conditions>
								<condition number="0" type="jump" coverage="0%"/>
							</conditions>
						</line>
						<line number="127" hits="0" branch="false"/>
						<line number="129" hits="0" branch="false"/>
						<line number="133" hits="0" branch="false"/>
						<line number="135" hits="0" branch="false"/>
						<line number="136" hits="0" branch="false"/>
						<line number="139" hits="0" branch="true" condition-coverage="0% (0/2)">
							<conditions>
								<condition number="0" type="jump" coverage="0%"/>
							</conditions>
						</line>
						<line number="140" hits="0" branch="false"/>
						<line number="144" hits="0" branch="false"/>
						<line number="145" hits="0" branch="true" condition-coverage="0% (0/2)">
							<conditions>
								<condition number="0" type="jump" coverage="0%"/>
							</conditions>
						</line>
						<line number="146" hits="0" branch="false"/>
						<line number="147" hits="0" branch="false"/>
						<line number="148" hits="0" branch="false"/>
						<line number="150" hits="0" branch="true" condition-coverage="0% (0/2)">
							<conditions>
								<condition number="0" type="jump" coverage="0%"/>
							</conditions>
						</line>
						<line number="151" hits="0" branch="false"/>
						<line number="152" hits="0" branch="false"/>
						<line number="154" hits="0" branch="true" condition-coverage="0% (0/2)">
							<conditions>
								<condition number="0" type="jump" coverage="0%"/>
							</conditions>
						</line>
						<line number="155" hits="0" branch="false"/>
						<line number="156" hits="0" branch="false"/>
						<line number="158" hits="0" branch="true" condition-coverage="0% (0/2)">
							<conditions>
								<condition number="0" type="jump" coverage="0%"/>
							</conditions>
						</line>
						<line number="159" hits="0" branch="false"/>
						<line number="161" hits="0" branch="true" condition-coverage="0% (0/2)">
							<conditions>
								<condition number="0" type="jump" coverage="0%"/>
							</conditions>
						</line>
						<line number="162" hits="0" branch="false"/>
						<line number="164" hits="0" branch="false"/>
						<line number="167" hits="0" branch="true" condition-coverage="0% (0/2)">
							<conditions>
								<condition number="0" type="jump" coverage="0%"/>
							</conditions>
						</line>
						<line number="168" hits="0" branch="false"/>
						<line number="169" hits="0" branch="false"/>
						<line number="171" hits="0" branch="false"/>
						<line number="174" hits="0" branch="true" condition-coverage="0% (0/2)">
							<conditions>
								<condition number="0" type="jump" coverage="0%"/>
							</conditions>
						</line>
						<line number="175" hits="0" branch="false"/>
						<line number="176" hits="0" branch="false"/>
						<line number="178" hits="0" branch="false"/>
						<line number="181" hits="0" branch="false"/>
						<line number="182" hits="0" branch="true" condition-coverage="0% (0/2)">
							<conditions>
								<condition number="0" type="jump" coverage="0%"/>
							</conditions>
						</line>
						<line number="183" hits="0" branch="false"/>
						<line number="185" hits="0" branch="false"/>
						<line number="188" hits="0" branch="false"/>
						<line number="189" hits="0" branch="true" condition-coverage="0% (0/2)">
							<conditions>
								<condition number="0" type="jump" coverage="0%"/>
							</conditions>
						</line>
						<line number="190" hits="0" branch="false"/>
						<line number="192" hits="0" branch="false"/>
						<line number="195" hits="0" branch="false"/>
						<line number="196" hits="0" branch="true" condition-coverage="0% (0/2)">
							<conditions>
								<condition number="0" type="jump" coverage="0%"/>
							</conditions>
						</line>
						<line number="197" hits="0" branch="false"/>
						<line number="199" hits="0" branch="false"/>
						<line number="202" hits="0" branch="false"/>
						<line number="203" hits="0" branch="true" condition-coverage="0% (0/2)">
							<conditions>
								<condition number="0" type="jump" coverage="0%"/>
							</conditions>
						</line>
						<line number="204" hits="0" branch="false"/>
						<line number="206" hits="0" branch="false"/>
						<line number="210" hits="0" branch="false"/>
						<line number="211" hits="0" branch="false"/>
						<line number="213" hits="0" branch="false"/>
						<line number="216" hits="0" branch="false"/>
						<line number="225" hits="0" branch="false"/>
						<line number="226" hits="0" branch="false"/>
						<line number="229" hits="0" branch="true" condition-coverage="0% (0/2)">
							<conditions>
								<condition number="0" type="jump" coverage="0%"/>
							</conditions>
						</line>
						<line number="230" hits="0" branch="false"/>
						<line number="232" hits="0" branch="false"/>
						<line number="236" hits="0" branch="false"/>
						<line number="237" hits="0" branch="false"/>
						<line number="239" hits="0" branch="false"/>
						<line number="240" hits="0" branch="false"/>
						<line number="243" hits="0" branch="false"/>
						<line number="252" hits="0" branch="false"/>
						<line number="253" hits="0" branch="false"/>
						<line number="256" hits="0" branch="true" condition-coverage="0% (0/2)">
							<conditions>
								<condition number="0" type="jump" coverage="0%"/>
							</conditions>
						</line>
						<line number="257" hits="0" branch="false"/>
						<line number="259" hits="0" branch="false"/>
						<line number="263" hits="0" branch="false"/>
						<line number="264" hits="0" branch="false"/>
						<line number="266" hits="0" branch="false"/>
						<line number="267" hits="0" branch="false"/>
						<line number="270" hits="0" branch="false"/>
						<line number="279" hits="0" branch="false"/>
						<line number="280" hits="0" branch="false"/>
						<line number="283" hits="0" branch="true" condition-coverage="0% (0/2)">
							<conditions>
								<condition number="0" type="jump" coverage="0%"/>
							</conditions>
						</line>
						<line number="284" hits="0" branch="false"/>
						<line number="286" hits="0" branch="false"/>
						<line number="290" hits="0" branch="false"/>
						<line number="293" hits="0" branch="false"/>
						<line number="294" hits="0" branch="false"/>
						<line number="297" hits="0" branch="false"/>
					</lines>
				</class>
				<class name="hk.ust.cse.TwitterClient.Views.User.UserPage$1" filename="hk/ust/cse/TwitterClient/Views/User/UserPage.java" line-rate="0.0" branch-rate="1.0" complexity="1.9047619047619047">
					<methods>
						<method name="&lt;init&gt;" signature="(Lhk/ust/cse/TwitterClient/Views/User/UserPage;)V" line-rate="0.0" branch-rate="1.0">
							<lines>
								<line number="52" hits="0" branch="false"/>
							</lines>
						</method>
						<method name="widgetDisposed" signature="(Lorg/eclipse/swt/events/DisposeEvent;)V" line-rate="0.0" branch-rate="1.0">
							<lines>
								<line number="54" hits="0" branch="false"/>
								<line number="55" hits="0" branch="false"/>
							</lines>
						</method>
					</methods>
					<lines>
						<line number="52" hits="0" branch="false"/>
						<line number="54" hits="0" branch="false"/>
						<line number="55" hits="0" branch="false"/>
					</lines>
				</class>
				<class name="hk.ust.cse.TwitterClient.Views.User.UserPage$2" filename="hk/ust/cse/TwitterClient/Views/User/UserPage.java" line-rate="0.0" branch-rate="1.0" complexity="1.9047619047619047">
					<methods>
						<method name="&lt;init&gt;" signature="(Lhk/ust/cse/TwitterClient/Views/User/UserPage;)V" line-rate="0.0" branch-rate="1.0">
							<lines>
								<line number="82" hits="0" branch="false"/>
							</lines>
						</method>
						<method name="handleEvent" signature="(Lorg/eclipse/swt/widgets/Event;)V" line-rate="0.0" branch-rate="1.0">
							<lines>
								<line number="85" hits="0" branch="false"/>
								<line number="87" hits="0" branch="false"/>
								<line number="88" hits="0" branch="false"/>
								<line number="89" hits="0" branch="false"/>
							</lines>
						</method>
					</methods>
					<lines>
						<line number="82" hits="0" branch="false"/>
						<line number="85" hits="0" branch="false"/>
						<line number="87" hits="0" branch="false"/>
						<line number="88" hits="0" branch="false"/>
						<line number="89" hits="0" branch="false"/>
					</lines>
				</class>
				<class name="hk.ust.cse.TwitterClient.Views.User.UserPage$3" filename="hk/ust/cse/TwitterClient/Views/User/UserPage.java" line-rate="0.0" branch-rate="1.0" complexity="1.9047619047619047">
					<methods>
						<method name="&lt;init&gt;" signature="(Lhk/ust/cse/TwitterClient/Views/User/UserPage;)V" line-rate="0.0" branch-rate="1.0">
							<lines>
								<line number="216" hits="0" branch="false"/>
							</lines>
						</method>
						<method name="handleEvent" signature="(Lorg/eclipse/swt/widgets/Event;)V" line-rate="0.0" branch-rate="1.0">
							<lines>
								<line number="219" hits="0" branch="false"/>
								<line number="221" hits="0" branch="false"/>
								<line number="222" hits="0" branch="false"/>
								<line number="223" hits="0" branch="false"/>
							</lines>
						</method>
					</methods>
					<lines>
						<line number="216" hits="0" branch="false"/>
						<line number="219" hits="0" branch="false"/>
						<line number="221" hits="0" branch="false"/>
						<line number="222" hits="0" branch="false"/>
						<line number="223" hits="0" branch="false"/>
					</lines>
				</class>
				<class name="hk.ust.cse.TwitterClient.Views.User.UserPage$4" filename="hk/ust/cse/TwitterClient/Views/User/UserPage.java" line-rate="0.0" branch-rate="1.0" complexity="1.9047619047619047">
					<methods>
						<method name="&lt;init&gt;" signature="(Lhk/ust/cse/TwitterClient/Views/User/UserPage;)V" line-rate="0.0" branch-rate="1.0">
							<lines>
								<line number="243" hits="0" branch="false"/>
							</lines>
						</method>
						<method name="handleEvent" signature="(Lorg/eclipse/swt/widgets/Event;)V" line-rate="0.0" branch-rate="1.0">
							<lines>
								<line number="246" hits="0" branch="false"/>
								<line number="248" hits="0" branch="false"/>
								<line number="249" hits="0" branch="false"/>
								<line number="250" hits="0" branch="false"/>
							</lines>
						</method>
					</methods>
					<lines>
						<line number="243" hits="0" branch="false"/>
						<line number="246" hits="0" branch="false"/>
						<line number="248" hits="0" branch="false"/>
						<line number="249" hits="0" branch="false"/>
						<line number="250" hits="0" branch="false"/>
					</lines>
				</class>
				<class name="hk.ust.cse.TwitterClient.Views.User.UserPage$5" filename="hk/ust/cse/TwitterClient/Views/User/UserPage.java" line-rate="0.0" branch-rate="1.0" complexity="1.9047619047619047">
					<methods>
						<method name="&lt;init&gt;" signature="(Lhk/ust/cse/TwitterClient/Views/User/UserPage;)V" line-rate="0.0" branch-rate="1.0">
							<lines>
								<line number="270" hits="0" branch="false"/>
							</lines>
						</method>
						<method name="handleEvent" signature="(Lorg/eclipse/swt/widgets/Event;)V" line-rate="0.0" branch-rate="1.0">
							<lines>
								<line number="273" hits="0" branch="false"/>
								<line number="275" hits="0" branch="false"/>
								<line number="276" hits="0" branch="false"/>
								<line number="277" hits="0" branch="false"/>
							</lines>
						</method>
					</methods>
					<lines>
						<line number="270" hits="0" branch="false"/>
						<line number="273" hits="0" branch="false"/>
						<line number="275" hits="0" branch="false"/>
						<line number="276" hits="0" branch="false"/>
						<line number="277" hits="0" branch="false"/>
					</lines>
				</class>
			</classes>
		</package>
	</packages>
</coverage>
